[{
  "id": 371,
  "title": "Tel est pris qui croyait prendre",
  "mediaimage": "https://m.media-amazon.com/images/M/MV5BMDBmYTZjNjUtN2M1MS00MTQ2LTk2ODgtNzc2M2QyZGE5NTVjXkEyXkFqcGdeQXVyNzAwMjU2MTY@._V1_.jpg",
  "createdon": "1901-01-01",
  "type: ListType": "movies",
  "totallikes": 76
}, {
  "id": 46,
  "title": "Boulevard des Italiens",
  "mediaimage": "https://m.media-amazon.com/images/M/MV5BMDBmYTZjNjUtN2M1MS00MTQ2LTk2ODgtNzc2M2QyZGE5NTVjXkEyXkFqcGdeQXVyNzAwMjU2MTY@._V1_.jpg",
  "createdon": "1896-01-01",
  "type: ListType": "movies",
  "totallikes": 75
}, {
  "id": 201,
  "title": "Je vous y prrrrends!",
  "mediaimage": "https://m.media-amazon.com/images/M/MV5BMDBmYTZjNjUtN2M1MS00MTQ2LTk2ODgtNzc2M2QyZGE5NTVjXkEyXkFqcGdeQXVyNzAwMjU2MTY@._V1_.jpg",
  "createdon": "1898-01-01",
  "type: ListType": "movies",
  "totallikes": 75
}, {
  "id": 468,
  "title": "Uncle Tom's Cabin",
  "mediaimage": "https://m.media-amazon.com/images/M/MV5BMDBmYTZjNjUtN2M1MS00MTQ2LTk2ODgtNzc2M2QyZGE5NTVjXkEyXkFqcGdeQXVyNzAwMjU2MTY@._V1_.jpg",
  "createdon": "1903-01-01",
  "type: ListType": "movies",
  "totallikes": 72
}, {
  "id": 304,
  "title": "Le duel d'Hamlet",
  "mediaimage": "https://m.media-amazon.com/images/M/MV5BMDBmYTZjNjUtN2M1MS00MTQ2LTk2ODgtNzc2M2QyZGE5NTVjXkEyXkFqcGdeQXVyNzAwMjU2MTY@._V1_.jpg",
  "createdon": "1900-01-01",
  "type: ListType": "movies",
  "totallikes": 71
}, {
  "id": 372,
  "title": "Uma Tourada à Antiga Portuguesa",
  "mediaimage": "https://m.media-amazon.com/images/M/MV5BMDBmYTZjNjUtN2M1MS00MTQ2LTk2ODgtNzc2M2QyZGE5NTVjXkEyXkFqcGdeQXVyNzAwMjU2MTY@._V1_.jpg",
  "createdon": "1901-01-01",
  "type: ListType": "movies",
  "totallikes": 70
}, {
  "id": 364,
  "title": "Pas de colombine",
  "mediaimage": "https://m.media-amazon.com/images/M/MV5BMDBmYTZjNjUtN2M1MS00MTQ2LTk2ODgtNzc2M2QyZGE5NTVjXkEyXkFqcGdeQXVyNzAwMjU2MTY@._V1_.jpg",
  "createdon": "1901-01-01",
  "type: ListType": "movies",
  "totallikes": 63
}, {
  "id": 52,
  "title": "A Chegada do Comboio Inaugural à Estação Central do Porto",
  "mediaimage": "https://m.media-amazon.com/images/M/MV5BMDBmYTZjNjUtN2M1MS00MTQ2LTk2ODgtNzc2M2QyZGE5NTVjXkEyXkFqcGdeQXVyNzAwMjU2MTY@._V1_.jpg",
  "createdon": "1897-01-01",
  "type: ListType": "movies",
  "totallikes": 62
}, {
  "id": 438,
  "title": "Gulliver en el país de los gigantes",
  "mediaimage": "https://m.media-amazon.com/images/M/MV5BMDBmYTZjNjUtN2M1MS00MTQ2LTk2ODgtNzc2M2QyZGE5NTVjXkEyXkFqcGdeQXVyNzAwMjU2MTY@._V1_.jpg",
  "createdon": "1903-01-01",
  "type: ListType": "movies",
  "totallikes": 62
}, {
  "id": 477,
  "title": "Le coffre enchanté",
  "mediaimage": "https://m.media-amazon.com/images/M/MV5BMDBmYTZjNjUtN2M1MS00MTQ2LTk2ODgtNzc2M2QyZGE5NTVjXkEyXkFqcGdeQXVyNzAwMjU2MTY@._V1_.jpg",
  "createdon": "1904-01-01",
  "type: ListType": "movies",
  "totallikes": 62
}, {
  "id": 269,
  "title": "Arrivée de Pierette et Pierrot",
  "mediaimage": "https://m.media-amazon.com/images/M/MV5BMDBmYTZjNjUtN2M1MS00MTQ2LTk2ODgtNzc2M2QyZGE5NTVjXkEyXkFqcGdeQXVyNzAwMjU2MTY@._V1_.jpg",
  "createdon": "1900-01-01",
  "type: ListType": "movies",
  "totallikes": 60
}, {
  "id": 401,
  "title": "Pour secouer la salade",
  "mediaimage": "https://m.media-amazon.com/images/M/MV5BMDBmYTZjNjUtN2M1MS00MTQ2LTk2ODgtNzc2M2QyZGE5NTVjXkEyXkFqcGdeQXVyNzAwMjU2MTY@._V1_.jpg",
  "createdon": "1902-01-01",
  "type: ListType": "movies",
  "totallikes": 58
}, {
  "id": 333,
  "title": "La source",
  "mediaimage": "https://m.media-amazon.com/images/M/MV5BMDBmYTZjNjUtN2M1MS00MTQ2LTk2ODgtNzc2M2QyZGE5NTVjXkEyXkFqcGdeQXVyNzAwMjU2MTY@._V1_.jpg",
  "createdon": "1900-01-01",
  "type: ListType": "movies",
  "totallikes": 58
}, {
  "id": 282,
  "title": "Chez le photographe",
  "mediaimage": "https://m.media-amazon.com/images/M/MV5BMDBmYTZjNjUtN2M1MS00MTQ2LTk2ODgtNzc2M2QyZGE5NTVjXkEyXkFqcGdeQXVyNzAwMjU2MTY@._V1_.jpg",
  "createdon": "1900-01-01",
  "type: ListType": "movies",
  "totallikes": 58
}, {
  "id": 117,
  "title": "Salut malencontreux d'un déserteur",
  "mediaimage": "https://m.media-amazon.com/images/M/MV5BMDBmYTZjNjUtN2M1MS00MTQ2LTk2ODgtNzc2M2QyZGE5NTVjXkEyXkFqcGdeQXVyNzAwMjU2MTY@._V1_.jpg",
  "createdon": "1896-01-01",
  "type: ListType": "movies",
  "totallikes": 58
}, {
  "id": 301,
  "title": "Gavotte directoire",
  "mediaimage": "https://m.media-amazon.com/images/M/MV5BMDBmYTZjNjUtN2M1MS00MTQ2LTk2ODgtNzc2M2QyZGE5NTVjXkEyXkFqcGdeQXVyNzAwMjU2MTY@._V1_.jpg",
  "createdon": "1900-01-01",
  "type: ListType": "movies",
  "totallikes": 54
}, {
  "id": 10,
  "title": "Leaving the Factory",
  "mediaimage": "https://m.media-amazon.com/images/M/MV5BMDBmYTZjNjUtN2M1MS00MTQ2LTk2ODgtNzc2M2QyZGE5NTVjXkEyXkFqcGdeQXVyNzAwMjU2MTY@._V1_.jpg",
  "createdon": "1895-01-01",
  "type: ListType": "movies",
  "totallikes": 54
}, {
  "id": 459,
  "title": "La poule fantaisiste",
  "mediaimage": "https://m.media-amazon.com/images/M/MV5BMDBmYTZjNjUtN2M1MS00MTQ2LTk2ODgtNzc2M2QyZGE5NTVjXkEyXkFqcGdeQXVyNzAwMjU2MTY@._V1_.jpg",
  "createdon": "1903-01-01",
  "type: ListType": "movies",
  "totallikes": 48
}, {
  "id": 107,
  "title": "Rip Leaving Sleepy Hollow",
  "mediaimage": "https://m.media-amazon.com/images/M/MV5BMDBmYTZjNjUtN2M1MS00MTQ2LTk2ODgtNzc2M2QyZGE5NTVjXkEyXkFqcGdeQXVyNzAwMjU2MTY@._V1_.jpg",
  "createdon": "1896-01-01",
  "type: ListType": "movies",
  "totallikes": 48
}, {
  "id": 63,
  "title": "Dessinateur: Chamberlain",
  "mediaimage": "https://m.media-amazon.com/images/M/MV5BMDBmYTZjNjUtN2M1MS00MTQ2LTk2ODgtNzc2M2QyZGE5NTVjXkEyXkFqcGdeQXVyNzAwMjU2MTY@._V1_.jpg",
  "createdon": "1896-01-01",
  "type: ListType": "movies",
  "totallikes": 48
}, {
  "id": 84,
  "title": "Gardener Burning Weeds",
  "mediaimage": "https://m.media-amazon.com/images/M/MV5BMDBmYTZjNjUtN2M1MS00MTQ2LTk2ODgtNzc2M2QyZGE5NTVjXkEyXkFqcGdeQXVyNzAwMjU2MTY@._V1_.jpg",
  "createdon": "1896-01-01",
  "type: ListType": "movies",
  "totallikes": 48
}, {
  "id": 99,
  "title": "Place de la Concorde",
  "mediaimage": "https://m.media-amazon.com/images/M/MV5BMDBmYTZjNjUtN2M1MS00MTQ2LTk2ODgtNzc2M2QyZGE5NTVjXkEyXkFqcGdeQXVyNzAwMjU2MTY@._V1_.jpg",
  "createdon": "1896-01-01",
  "type: ListType": "movies",
  "totallikes": 48
}, {
  "id": 142,
  "title": "Chez le magnétiseur",
  "mediaimage": "https://m.media-amazon.com/images/M/MV5BMDBmYTZjNjUtN2M1MS00MTQ2LTk2ODgtNzc2M2QyZGE5NTVjXkEyXkFqcGdeQXVyNzAwMjU2MTY@._V1_.jpg",
  "createdon": "1897-01-01",
  "type: ListType": "movies",
  "totallikes": 48
}, {
  "id": 49,
  "title": "Bébé et fillettes",
  "mediaimage": "https://m.media-amazon.com/images/M/MV5BMDBmYTZjNjUtN2M1MS00MTQ2LTk2ODgtNzc2M2QyZGE5NTVjXkEyXkFqcGdeQXVyNzAwMjU2MTY@._V1_.jpg",
  "createdon": "1896-01-01",
  "type: ListType": "movies",
  "totallikes": 48
}, {
  "id": 375,
  "title": "Les vagues",
  "mediaimage": "https://m.media-amazon.com/images/M/MV5BMDBmYTZjNjUtN2M1MS00MTQ2LTk2ODgtNzc2M2QyZGE5NTVjXkEyXkFqcGdeQXVyNzAwMjU2MTY@._V1_.jpg",
  "createdon": "1901-01-01",
  "type: ListType": "movies",
  "totallikes": 46
}, {
  "id": 324,
  "title": "La paysanne",
  "mediaimage": "https://m.media-amazon.com/images/M/MV5BMDBmYTZjNjUtN2M1MS00MTQ2LTk2ODgtNzc2M2QyZGE5NTVjXkEyXkFqcGdeQXVyNzAwMjU2MTY@._V1_.jpg",
  "createdon": "1900-01-01",
  "type: ListType": "movies",
  "totallikes": 45
}, {
  "id": 79,
  "title": "Grandes manoeuvres",
  "mediaimage": "https://m.media-amazon.com/images/M/MV5BMDBmYTZjNjUtN2M1MS00MTQ2LTk2ODgtNzc2M2QyZGE5NTVjXkEyXkFqcGdeQXVyNzAwMjU2MTY@._V1_.jpg",
  "createdon": "1896-01-01",
  "type: ListType": "movies",
  "totallikes": 44
}, {
  "id": 329,
  "title": "Retour des champs",
  "mediaimage": "https://m.media-amazon.com/images/M/MV5BMDBmYTZjNjUtN2M1MS00MTQ2LTk2ODgtNzc2M2QyZGE5NTVjXkEyXkFqcGdeQXVyNzAwMjU2MTY@._V1_.jpg",
  "createdon": "1900-01-01",
  "type: ListType": "movies",
  "totallikes": 44
}, {
  "id": 219,
  "title": "Aspectos da Praia de Cascais",
  "mediaimage": "https://m.media-amazon.com/images/M/MV5BMDBmYTZjNjUtN2M1MS00MTQ2LTk2ODgtNzc2M2QyZGE5NTVjXkEyXkFqcGdeQXVyNzAwMjU2MTY@._V1_.jpg",
  "createdon": "1899-01-01",
  "type: ListType": "movies",
  "totallikes": 44
}, {
  "id": 319,
  "title": "Panorama de Barcelona: monumentos y fiestas",
  "mediaimage": "https://m.media-amazon.com/images/M/MV5BMDBmYTZjNjUtN2M1MS00MTQ2LTk2ODgtNzc2M2QyZGE5NTVjXkEyXkFqcGdeQXVyNzAwMjU2MTY@._V1_.jpg",
  "createdon": "1900-01-01",
  "type: ListType": "movies",
  "totallikes": 41
}, {
  "id": 460,
  "title": "Puerto de Barcelona",
  "mediaimage": "https://m.media-amazon.com/images/M/MV5BMDBmYTZjNjUtN2M1MS00MTQ2LTk2ODgtNzc2M2QyZGE5NTVjXkEyXkFqcGdeQXVyNzAwMjU2MTY@._V1_.jpg",
  "createdon": "1903-01-01",
  "type: ListType": "movies",
  "totallikes": 41
}, {
  "id": 120,
  "title": "The Soldier's Courtship",
  "mediaimage": "https://m.media-amazon.com/images/M/MV5BMDBmYTZjNjUtN2M1MS00MTQ2LTk2ODgtNzc2M2QyZGE5NTVjXkEyXkFqcGdeQXVyNzAwMjU2MTY@._V1_.jpg",
  "createdon": "1896-01-01",
  "type: ListType": "movies",
  "totallikes": 41
}, {
  "id": 182,
  "title": "Cripple Creek Bar-Room Scene",
  "mediaimage": "https://m.media-amazon.com/images/M/MV5BMDBmYTZjNjUtN2M1MS00MTQ2LTk2ODgtNzc2M2QyZGE5NTVjXkEyXkFqcGdeQXVyNzAwMjU2MTY@._V1_.jpg",
  "createdon": "1899-01-01",
  "type: ListType": "movies",
  "totallikes": 41
}, {
  "id": 340,
  "title": "Valse directoire",
  "mediaimage": "https://m.media-amazon.com/images/M/MV5BMDBmYTZjNjUtN2M1MS00MTQ2LTk2ODgtNzc2M2QyZGE5NTVjXkEyXkFqcGdeQXVyNzAwMjU2MTY@._V1_.jpg",
  "createdon": "1900-01-01",
  "type: ListType": "movies",
  "totallikes": 39
}, {
  "id": 378,
  "title": "Buffalo Bill's Wild West Show",
  "mediaimage": "https://m.media-amazon.com/images/M/MV5BMDBmYTZjNjUtN2M1MS00MTQ2LTk2ODgtNzc2M2QyZGE5NTVjXkEyXkFqcGdeQXVyNzAwMjU2MTY@._V1_.jpg",
  "createdon": "1902-01-01",
  "type: ListType": "movies",
  "totallikes": 39
}, {
  "id": 485,
  "title": "The Land Beyond the Sunset",
  "mediaimage": "https://m.media-amazon.com/images/M/MV5BMDBmYTZjNjUtN2M1MS00MTQ2LTk2ODgtNzc2M2QyZGE5NTVjXkEyXkFqcGdeQXVyNzAwMjU2MTY@._V1_.jpg",
  "createdon": "1912-01-01",
  "type: ListType": "movies",
  "totallikes": 38
}, {
  "id": 379,
  "title": "Carnaval en las ramblas",
  "mediaimage": "https://m.media-amazon.com/images/M/MV5BMDBmYTZjNjUtN2M1MS00MTQ2LTk2ODgtNzc2M2QyZGE5NTVjXkEyXkFqcGdeQXVyNzAwMjU2MTY@._V1_.jpg",
  "createdon": "1902-01-01",
  "type: ListType": "movies",
  "totallikes": 36
}, {
  "id": 96,
  "title": "Place de l'Opéra",
  "mediaimage": "https://m.media-amazon.com/images/M/MV5BMDBmYTZjNjUtN2M1MS00MTQ2LTk2ODgtNzc2M2QyZGE5NTVjXkEyXkFqcGdeQXVyNzAwMjU2MTY@._V1_.jpg",
  "createdon": "1896-01-01",
  "type: ListType": "movies",
  "totallikes": 36
}, {
  "id": 135,
  "title": "Au réfectoire",
  "mediaimage": "https://m.media-amazon.com/images/M/MV5BMDBmYTZjNjUtN2M1MS00MTQ2LTk2ODgtNzc2M2QyZGE5NTVjXkEyXkFqcGdeQXVyNzAwMjU2MTY@._V1_.jpg",
  "createdon": "1897-01-01",
  "type: ListType": "movies",
  "totallikes": 35
}, {
  "id": 288,
  "title": "Dance de l'ivresse",
  "mediaimage": "https://m.media-amazon.com/images/M/MV5BMDBmYTZjNjUtN2M1MS00MTQ2LTk2ODgtNzc2M2QyZGE5NTVjXkEyXkFqcGdeQXVyNzAwMjU2MTY@._V1_.jpg",
  "createdon": "1900-01-01",
  "type: ListType": "movies",
  "totallikes": 35
}, {
  "id": 86,
  "title": "Beach and Pier at Trouville",
  "mediaimage": "https://m.media-amazon.com/images/M/MV5BMDBmYTZjNjUtN2M1MS00MTQ2LTk2ODgtNzc2M2QyZGE5NTVjXkEyXkFqcGdeQXVyNzAwMjU2MTY@._V1_.jpg",
  "createdon": "1896-01-01",
  "type: ListType": "movies",
  "totallikes": 34
}, {
  "id": 311,
  "title": "Leçon de danse",
  "mediaimage": "https://m.media-amazon.com/images/M/MV5BMDBmYTZjNjUtN2M1MS00MTQ2LTk2ODgtNzc2M2QyZGE5NTVjXkEyXkFqcGdeQXVyNzAwMjU2MTY@._V1_.jpg",
  "createdon": "1900-01-01",
  "type: ListType": "movies",
  "totallikes": 34
}, {
  "id": 208,
  "title": "A Novice at X-rays",
  "mediaimage": "https://m.media-amazon.com/images/M/MV5BMDBmYTZjNjUtN2M1MS00MTQ2LTk2ODgtNzc2M2QyZGE5NTVjXkEyXkFqcGdeQXVyNzAwMjU2MTY@._V1_.jpg",
  "createdon": "1898-01-01",
  "type: ListType": "movies",
  "totallikes": 33
}, {
  "id": 222,
  "title": "Battlefield",
  "mediaimage": "https://m.media-amazon.com/images/M/MV5BMDBmYTZjNjUtN2M1MS00MTQ2LTk2ODgtNzc2M2QyZGE5NTVjXkEyXkFqcGdeQXVyNzAwMjU2MTY@._V1_.jpg",
  "createdon": "1899-01-01",
  "type: ListType": "movies",
  "totallikes": 33
}, {
  "id": 226,
  "title": "La bonne absinthe",
  "mediaimage": "https://m.media-amazon.com/images/M/MV5BMDBmYTZjNjUtN2M1MS00MTQ2LTk2ODgtNzc2M2QyZGE5NTVjXkEyXkFqcGdeQXVyNzAwMjU2MTY@._V1_.jpg",
  "createdon": "1899-01-01",
  "type: ListType": "movies",
  "totallikes": 33
}, {
  "id": 74,
  "title": "The Conjuring of a Woman at the House of Robert Houdin",
  "mediaimage": "https://m.media-amazon.com/images/M/MV5BMDBmYTZjNjUtN2M1MS00MTQ2LTk2ODgtNzc2M2QyZGE5NTVjXkEyXkFqcGdeQXVyNzAwMjU2MTY@._V1_.jpg",
  "createdon": "1896-01-01",
  "type: ListType": "movies",
  "totallikes": 33
}, {
  "id": 14,
  "title": "The Waterer Watered",
  "mediaimage": "https://m.media-amazon.com/images/M/MV5BMDBmYTZjNjUtN2M1MS00MTQ2LTk2ODgtNzc2M2QyZGE5NTVjXkEyXkFqcGdeQXVyNzAwMjU2MTY@._V1_.jpg",
  "createdon": "1895-01-01",
  "type: ListType": "movies",
  "totallikes": 32
}, {
  "id": 3,
  "title": "Pauvre Pierrot",
  "mediaimage": "https://m.media-amazon.com/images/M/MV5BMDBmYTZjNjUtN2M1MS00MTQ2LTk2ODgtNzc2M2QyZGE5NTVjXkEyXkFqcGdeQXVyNzAwMjU2MTY@._V1_.jpg",
  "createdon": "1892-01-01",
  "type: ListType": "movies",
  "totallikes": 32
}, {
  "id": 20,
  "title": "The Derby 1895",
  "mediaimage": "https://m.media-amazon.com/images/M/MV5BMDBmYTZjNjUtN2M1MS00MTQ2LTk2ODgtNzc2M2QyZGE5NTVjXkEyXkFqcGdeQXVyNzAwMjU2MTY@._V1_.jpg",
  "createdon": "1895-01-01",
  "type: ListType": "movies",
  "totallikes": 32
}, {
  "id": 373,
  "title": "A táncz",
  "mediaimage": "https://m.media-amazon.com/images/M/MV5BMDBmYTZjNjUtN2M1MS00MTQ2LTk2ODgtNzc2M2QyZGE5NTVjXkEyXkFqcGdeQXVyNzAwMjU2MTY@._V1_.jpg",
  "createdon": "1901-01-01",
  "type: ListType": "movies",
  "totallikes": 32
}, {
  "id": 110,
  "title": "Rip's Toast",
  "mediaimage": "https://m.media-amazon.com/images/M/MV5BMDBmYTZjNjUtN2M1MS00MTQ2LTk2ODgtNzc2M2QyZGE5NTVjXkEyXkFqcGdeQXVyNzAwMjU2MTY@._V1_.jpg",
  "createdon": "1896-01-01",
  "type: ListType": "movies",
  "totallikes": 32
}, {
  "id": 419,
  "title": "Les aventures d'un voyageur trop pressé",
  "mediaimage": "https://m.media-amazon.com/images/M/MV5BMDBmYTZjNjUtN2M1MS00MTQ2LTk2ODgtNzc2M2QyZGE5NTVjXkEyXkFqcGdeQXVyNzAwMjU2MTY@._V1_.jpg",
  "createdon": "1903-01-01",
  "type: ListType": "movies",
  "totallikes": 31
}, {
  "id": 330,
  "title": "Le sang d'Adonis donnant naissance à la rose rouge",
  "mediaimage": "https://m.media-amazon.com/images/M/MV5BMDBmYTZjNjUtN2M1MS00MTQ2LTk2ODgtNzc2M2QyZGE5NTVjXkEyXkFqcGdeQXVyNzAwMjU2MTY@._V1_.jpg",
  "createdon": "1900-01-01",
  "type: ListType": "movies",
  "totallikes": 31
}, {
  "id": 272,
  "title": "Avenue de l'opéra",
  "mediaimage": "https://m.media-amazon.com/images/M/MV5BMDBmYTZjNjUtN2M1MS00MTQ2LTk2ODgtNzc2M2QyZGE5NTVjXkEyXkFqcGdeQXVyNzAwMjU2MTY@._V1_.jpg",
  "createdon": "1900-01-01",
  "type: ListType": "movies",
  "totallikes": 31
}, {
  "id": 387,
  "title": "Danse mauresque",
  "mediaimage": "https://m.media-amazon.com/images/M/MV5BMDBmYTZjNjUtN2M1MS00MTQ2LTk2ODgtNzc2M2QyZGE5NTVjXkEyXkFqcGdeQXVyNzAwMjU2MTY@._V1_.jpg",
  "createdon": "1902-01-01",
  "type: ListType": "movies",
  "totallikes": 31
}, {
  "id": 339,
  "title": "Une rage de dents",
  "mediaimage": "https://m.media-amazon.com/images/M/MV5BMDBmYTZjNjUtN2M1MS00MTQ2LTk2ODgtNzc2M2QyZGE5NTVjXkEyXkFqcGdeQXVyNzAwMjU2MTY@._V1_.jpg",
  "createdon": "1900-01-01",
  "type: ListType": "movies",
  "totallikes": 31
}, {
  "id": 24,
  "title": "The Oxford and Cambridge University Boat Race",
  "mediaimage": "https://m.media-amazon.com/images/M/MV5BMDBmYTZjNjUtN2M1MS00MTQ2LTk2ODgtNzc2M2QyZGE5NTVjXkEyXkFqcGdeQXVyNzAwMjU2MTY@._V1_.jpg",
  "createdon": "1896-01-01",
  "type: ListType": "movies",
  "totallikes": 31
}, {
  "id": 22,
  "title": "The Sea",
  "mediaimage": "https://m.media-amazon.com/images/M/MV5BMDBmYTZjNjUtN2M1MS00MTQ2LTk2ODgtNzc2M2QyZGE5NTVjXkEyXkFqcGdeQXVyNzAwMjU2MTY@._V1_.jpg",
  "createdon": "1895-01-01",
  "type: ListType": "movies",
  "totallikes": 31
}, {
  "id": 140,
  "title": "Buffalo Bill and Escort",
  "mediaimage": "https://m.media-amazon.com/images/M/MV5BMDBmYTZjNjUtN2M1MS00MTQ2LTk2ODgtNzc2M2QyZGE5NTVjXkEyXkFqcGdeQXVyNzAwMjU2MTY@._V1_.jpg",
  "createdon": "1897-01-01",
  "type: ListType": "movies",
  "totallikes": 31
}, {
  "id": 316,
  "title": "Maple Leaf Viewing",
  "mediaimage": "https://m.media-amazon.com/images/M/MV5BMDBmYTZjNjUtN2M1MS00MTQ2LTk2ODgtNzc2M2QyZGE5NTVjXkEyXkFqcGdeQXVyNzAwMjU2MTY@._V1_.jpg",
  "createdon": "1899-01-01",
  "type: ListType": "movies",
  "totallikes": 31
}, {
  "id": 127,
  "title": "Academy for Young Ladies",
  "mediaimage": "https://m.media-amazon.com/images/M/MV5BMDBmYTZjNjUtN2M1MS00MTQ2LTk2ODgtNzc2M2QyZGE5NTVjXkEyXkFqcGdeQXVyNzAwMjU2MTY@._V1_.jpg",
  "createdon": "1896-01-01",
  "type: ListType": "movies",
  "totallikes": 31
}, {
  "id": 255,
  "title": "La résurrection",
  "mediaimage": "https://m.media-amazon.com/images/M/MV5BMDBmYTZjNjUtN2M1MS00MTQ2LTk2ODgtNzc2M2QyZGE5NTVjXkEyXkFqcGdeQXVyNzAwMjU2MTY@._V1_.jpg",
  "createdon": "1899-01-01",
  "type: ListType": "movies",
  "totallikes": 31
}, {
  "id": 227,
  "title": "Casey at the Bat",
  "mediaimage": "https://m.media-amazon.com/images/M/MV5BMDBmYTZjNjUtN2M1MS00MTQ2LTk2ODgtNzc2M2QyZGE5NTVjXkEyXkFqcGdeQXVyNzAwMjU2MTY@._V1_.jpg",
  "createdon": "1899-01-01",
  "type: ListType": "movies",
  "totallikes": 31
}, {
  "id": 246,
  "title": "A Kiss in the Tunnel",
  "mediaimage": "https://m.media-amazon.com/images/M/MV5BMDBmYTZjNjUtN2M1MS00MTQ2LTk2ODgtNzc2M2QyZGE5NTVjXkEyXkFqcGdeQXVyNzAwMjU2MTY@._V1_.jpg",
  "createdon": "1899-01-01",
  "type: ListType": "movies",
  "totallikes": 31
}, {
  "id": 391,
  "title": "Farces de cuisinière",
  "mediaimage": "https://m.media-amazon.com/images/M/MV5BMDBmYTZjNjUtN2M1MS00MTQ2LTk2ODgtNzc2M2QyZGE5NTVjXkEyXkFqcGdeQXVyNzAwMjU2MTY@._V1_.jpg",
  "createdon": "1902-01-01",
  "type: ListType": "movies",
  "totallikes": 31
}, {
  "id": 357,
  "title": "Hussards et grisettes",
  "mediaimage": "https://m.media-amazon.com/images/M/MV5BMDBmYTZjNjUtN2M1MS00MTQ2LTk2ODgtNzc2M2QyZGE5NTVjXkEyXkFqcGdeQXVyNzAwMjU2MTY@._V1_.jpg",
  "createdon": "1901-01-01",
  "type: ListType": "movies",
  "totallikes": 31
}, {
  "id": 380,
  "title": "Carreras de caballos en el hipódromo de Barcelona",
  "mediaimage": "https://m.media-amazon.com/images/M/MV5BMDBmYTZjNjUtN2M1MS00MTQ2LTk2ODgtNzc2M2QyZGE5NTVjXkEyXkFqcGdeQXVyNzAwMjU2MTY@._V1_.jpg",
  "createdon": "1902-01-01",
  "type: ListType": "movies",
  "totallikes": 31
}, {
  "id": 38,
  "title": "Barnet Horse Fair",
  "mediaimage": "https://m.media-amazon.com/images/M/MV5BMDBmYTZjNjUtN2M1MS00MTQ2LTk2ODgtNzc2M2QyZGE5NTVjXkEyXkFqcGdeQXVyNzAwMjU2MTY@._V1_.jpg",
  "createdon": "1896-01-01",
  "type: ListType": "movies",
  "totallikes": 31
}, {
  "id": 449,
  "title": "The Messenger Boy's Mistake",
  "mediaimage": "https://m.media-amazon.com/images/M/MV5BMDBmYTZjNjUtN2M1MS00MTQ2LTk2ODgtNzc2M2QyZGE5NTVjXkEyXkFqcGdeQXVyNzAwMjU2MTY@._V1_.jpg",
  "createdon": "1903-01-01",
  "type: ListType": "movies",
  "totallikes": 31
}, {
  "id": 327,
  "title": "La poupée noire",
  "mediaimage": "https://m.media-amazon.com/images/M/MV5BMDBmYTZjNjUtN2M1MS00MTQ2LTk2ODgtNzc2M2QyZGE5NTVjXkEyXkFqcGdeQXVyNzAwMjU2MTY@._V1_.jpg",
  "createdon": "1900-01-01",
  "type: ListType": "movies",
  "totallikes": 31
}, {
  "id": 315,
  "title": "Eine moderne Jungfrau von Orleans",
  "mediaimage": "https://m.media-amazon.com/images/M/MV5BMDBmYTZjNjUtN2M1MS00MTQ2LTk2ODgtNzc2M2QyZGE5NTVjXkEyXkFqcGdeQXVyNzAwMjU2MTY@._V1_.jpg",
  "createdon": "1900-01-01",
  "type: ListType": "movies",
  "totallikes": 31
}, {
  "id": 396,
  "title": "Jack and the Beanstalk",
  "mediaimage": "https://m.media-amazon.com/images/M/MV5BMDBmYTZjNjUtN2M1MS00MTQ2LTk2ODgtNzc2M2QyZGE5NTVjXkEyXkFqcGdeQXVyNzAwMjU2MTY@._V1_.jpg",
  "createdon": "1902-01-01",
  "type: ListType": "movies",
  "totallikes": 31
}, {
  "id": 367,
  "title": "Scrooge; or Marley's Ghost",
  "mediaimage": "https://m.media-amazon.com/images/M/MV5BMDBmYTZjNjUtN2M1MS00MTQ2LTk2ODgtNzc2M2QyZGE5NTVjXkEyXkFqcGdeQXVyNzAwMjU2MTY@._V1_.jpg",
  "createdon": "1901-01-01",
  "type: ListType": "movies",
  "totallikes": 31
}, {
  "id": 350,
  "title": "Execution of Czolgosz with Panorama of Auburn Prison",
  "mediaimage": "https://m.media-amazon.com/images/M/MV5BMDBmYTZjNjUtN2M1MS00MTQ2LTk2ODgtNzc2M2QyZGE5NTVjXkEyXkFqcGdeQXVyNzAwMjU2MTY@._V1_.jpg",
  "createdon": "1901-01-01",
  "type: ListType": "movies",
  "totallikes": 31
}, {
  "id": 188,
  "title": "Dostavenícko ve mlýnici",
  "mediaimage": "https://m.media-amazon.com/images/M/MV5BMDBmYTZjNjUtN2M1MS00MTQ2LTk2ODgtNzc2M2QyZGE5NTVjXkEyXkFqcGdeQXVyNzAwMjU2MTY@._V1_.jpg",
  "createdon": "1898-01-01",
  "type: ListType": "movies",
  "totallikes": 31
}, {
  "id": 44,
  "title": "Les blanchisseuses",
  "mediaimage": "https://m.media-amazon.com/images/M/MV5BMDBmYTZjNjUtN2M1MS00MTQ2LTk2ODgtNzc2M2QyZGE5NTVjXkEyXkFqcGdeQXVyNzAwMjU2MTY@._V1_.jpg",
  "createdon": "1896-01-01",
  "type: ListType": "movies",
  "totallikes": 31
}, {
  "id": 171,
  "title": "Battle of Santiago Bay",
  "mediaimage": "https://m.media-amazon.com/images/M/MV5BMDBmYTZjNjUtN2M1MS00MTQ2LTk2ODgtNzc2M2QyZGE5NTVjXkEyXkFqcGdeQXVyNzAwMjU2MTY@._V1_.jpg",
  "createdon": "1898-01-01",
  "type: ListType": "movies",
  "totallikes": 31
}, {
  "id": 470,
  "title": "La valise enchantée",
  "mediaimage": "https://m.media-amazon.com/images/M/MV5BMDBmYTZjNjUtN2M1MS00MTQ2LTk2ODgtNzc2M2QyZGE5NTVjXkEyXkFqcGdeQXVyNzAwMjU2MTY@._V1_.jpg",
  "createdon": "1905-01-01",
  "type: ListType": "movies",
  "totallikes": 31
}, {
  "id": 192,
  "title": "Express Train on a Railway Cutting",
  "mediaimage": "https://m.media-amazon.com/images/M/MV5BMDBmYTZjNjUtN2M1MS00MTQ2LTk2ODgtNzc2M2QyZGE5NTVjXkEyXkFqcGdeQXVyNzAwMjU2MTY@._V1_.jpg",
  "createdon": "1898-01-01",
  "type: ListType": "movies",
  "totallikes": 31
}, {
  "id": 416,
  "title": "L'équilibriste",
  "mediaimage": "https://m.media-amazon.com/images/M/MV5BMDBmYTZjNjUtN2M1MS00MTQ2LTk2ODgtNzc2M2QyZGE5NTVjXkEyXkFqcGdeQXVyNzAwMjU2MTY@._V1_.jpg",
  "createdon": "1902-01-01",
  "type: ListType": "movies",
  "totallikes": 31
}, {
  "id": 118,
  "title": "Rescue on the River",
  "mediaimage": "https://m.media-amazon.com/images/M/MV5BMDBmYTZjNjUtN2M1MS00MTQ2LTk2ODgtNzc2M2QyZGE5NTVjXkEyXkFqcGdeQXVyNzAwMjU2MTY@._V1_.jpg",
  "createdon": "1896-01-01",
  "type: ListType": "movies",
  "totallikes": 31
}, {
  "id": 252,
  "title": "Monnaie de lapin",
  "mediaimage": "https://m.media-amazon.com/images/M/MV5BMDBmYTZjNjUtN2M1MS00MTQ2LTk2ODgtNzc2M2QyZGE5NTVjXkEyXkFqcGdeQXVyNzAwMjU2MTY@._V1_.jpg",
  "createdon": "1899-01-01",
  "type: ListType": "movies",
  "totallikes": 31
}, {
  "id": 464,
  "title": "Secours aux naufragés",
  "mediaimage": "https://m.media-amazon.com/images/M/MV5BMDBmYTZjNjUtN2M1MS00MTQ2LTk2ODgtNzc2M2QyZGE5NTVjXkEyXkFqcGdeQXVyNzAwMjU2MTY@._V1_.jpg",
  "createdon": "1903-01-01",
  "type: ListType": "movies",
  "totallikes": 31
}, {
  "id": 400,
  "title": "Le pommier",
  "mediaimage": "https://m.media-amazon.com/images/M/MV5BMDBmYTZjNjUtN2M1MS00MTQ2LTk2ODgtNzc2M2QyZGE5NTVjXkEyXkFqcGdeQXVyNzAwMjU2MTY@._V1_.jpg",
  "createdon": "1902-01-01",
  "type: ListType": "movies",
  "totallikes": 31
}, {
  "id": 138,
  "title": "Baignade dans le torrent",
  "mediaimage": "https://m.media-amazon.com/images/M/MV5BMDBmYTZjNjUtN2M1MS00MTQ2LTk2ODgtNzc2M2QyZGE5NTVjXkEyXkFqcGdeQXVyNzAwMjU2MTY@._V1_.jpg",
  "createdon": "1897-01-01",
  "type: ListType": "movies",
  "totallikes": 31
}, {
  "id": 479,
  "title": "Comment on disperse les foules",
  "mediaimage": "https://m.media-amazon.com/images/M/MV5BMDBmYTZjNjUtN2M1MS00MTQ2LTk2ODgtNzc2M2QyZGE5NTVjXkEyXkFqcGdeQXVyNzAwMjU2MTY@._V1_.jpg",
  "createdon": "1904-01-01",
  "type: ListType": "movies",
  "totallikes": 31
}, {
  "id": 294,
  "title": "Danse serpentine",
  "mediaimage": "https://m.media-amazon.com/images/M/MV5BMDBmYTZjNjUtN2M1MS00MTQ2LTk2ODgtNzc2M2QyZGE5NTVjXkEyXkFqcGdeQXVyNzAwMjU2MTY@._V1_.jpg",
  "createdon": "1900-01-01",
  "type: ListType": "movies",
  "totallikes": 31
}, {
  "id": 78,
  "title": "La gare Saint-Lazare",
  "mediaimage": "https://m.media-amazon.com/images/M/MV5BMDBmYTZjNjUtN2M1MS00MTQ2LTk2ODgtNzc2M2QyZGE5NTVjXkEyXkFqcGdeQXVyNzAwMjU2MTY@._V1_.jpg",
  "createdon": "1896-01-01",
  "type: ListType": "movies",
  "totallikes": 31
}, {
  "id": 181,
  "title": "The Corsican Brothers",
  "mediaimage": "https://m.media-amazon.com/images/M/MV5BMDBmYTZjNjUtN2M1MS00MTQ2LTk2ODgtNzc2M2QyZGE5NTVjXkEyXkFqcGdeQXVyNzAwMjU2MTY@._V1_.jpg",
  "createdon": "1898-01-01",
  "type: ListType": "movies",
  "totallikes": 29
}, {
  "id": 161,
  "title": "Le planton du colonel",
  "mediaimage": "https://m.media-amazon.com/images/M/MV5BMDBmYTZjNjUtN2M1MS00MTQ2LTk2ODgtNzc2M2QyZGE5NTVjXkEyXkFqcGdeQXVyNzAwMjU2MTY@._V1_.jpg",
  "createdon": "1897-01-01",
  "type: ListType": "movies",
  "totallikes": 28
}, {
  "id": 292,
  "title": "La danse du ventre",
  "mediaimage": "https://m.media-amazon.com/images/M/MV5BMDBmYTZjNjUtN2M1MS00MTQ2LTk2ODgtNzc2M2QyZGE5NTVjXkEyXkFqcGdeQXVyNzAwMjU2MTY@._V1_.jpg",
  "createdon": "1900-01-01",
  "type: ListType": "movies",
  "totallikes": 28
}, {
  "id": 277,
  "title": "Buffalo Bill's Wild West Parade",
  "mediaimage": "https://m.media-amazon.com/images/M/MV5BMDBmYTZjNjUtN2M1MS00MTQ2LTk2ODgtNzc2M2QyZGE5NTVjXkEyXkFqcGdeQXVyNzAwMjU2MTY@._V1_.jpg",
  "createdon": "1900-01-01",
  "type: ListType": "movies",
  "totallikes": 27
}, {
  "id": 70,
  "title": "Automobiles Starting a Race",
  "mediaimage": "https://m.media-amazon.com/images/M/MV5BMDBmYTZjNjUtN2M1MS00MTQ2LTk2ODgtNzc2M2QyZGE5NTVjXkEyXkFqcGdeQXVyNzAwMjU2MTY@._V1_.jpg",
  "createdon": "1896-01-01",
  "type: ListType": "movies",
  "totallikes": 27
}, {
  "id": 495,
  "title": "Rescued by Rover",
  "mediaimage": "https://m.media-amazon.com/images/M/MV5BMDBmYTZjNjUtN2M1MS00MTQ2LTk2ODgtNzc2M2QyZGE5NTVjXkEyXkFqcGdeQXVyNzAwMjU2MTY@._V1_.jpg",
  "createdon": "1905-01-01",
  "type: ListType": "movies",
  "totallikes": 27
}, {
  "id": 289,
  "title": "Dans les coulisses",
  "mediaimage": "https://m.media-amazon.com/images/M/MV5BMDBmYTZjNjUtN2M1MS00MTQ2LTk2ODgtNzc2M2QyZGE5NTVjXkEyXkFqcGdeQXVyNzAwMjU2MTY@._V1_.jpg",
  "createdon": "1900-01-01",
  "type: ListType": "movies",
  "totallikes": 27
}, {
  "id": 59,
  "title": "Dancing Darkies",
  "mediaimage": "https://m.media-amazon.com/images/M/MV5BMDBmYTZjNjUtN2M1MS00MTQ2LTk2ODgtNzc2M2QyZGE5NTVjXkEyXkFqcGdeQXVyNzAwMjU2MTY@._V1_.jpg",
  "createdon": "1896-01-01",
  "type: ListType": "movies",
  "totallikes": 27
}, {
  "id": 376,
  "title": "Visita de la escuadra inglesa a Barcelona",
  "mediaimage": "https://m.media-amazon.com/images/M/MV5BMDBmYTZjNjUtN2M1MS00MTQ2LTk2ODgtNzc2M2QyZGE5NTVjXkEyXkFqcGdeQXVyNzAwMjU2MTY@._V1_.jpg",
  "createdon": "1901-01-01",
  "type: ListType": "movies",
  "totallikes": 27
}, {
  "id": 368,
  "title": "Scène d'amour",
  "mediaimage": "https://m.media-amazon.com/images/M/MV5BMDBmYTZjNjUtN2M1MS00MTQ2LTk2ODgtNzc2M2QyZGE5NTVjXkEyXkFqcGdeQXVyNzAwMjU2MTY@._V1_.jpg",
  "createdon": "1901-01-01",
  "type: ListType": "movies",
  "totallikes": 27
}, {
  "id": 383,
  "title": "La cour des miracles",
  "mediaimage": "https://m.media-amazon.com/images/M/MV5BMDBmYTZjNjUtN2M1MS00MTQ2LTk2ODgtNzc2M2QyZGE5NTVjXkEyXkFqcGdeQXVyNzAwMjU2MTY@._V1_.jpg",
  "createdon": "1902-01-01",
  "type: ListType": "movies",
  "totallikes": 27
}, {
  "id": 180,
  "title": "Come Along",
  "mediaimage": "https://m.media-amazon.com/images/M/MV5BMDBmYTZjNjUtN2M1MS00MTQ2LTk2ODgtNzc2M2QyZGE5NTVjXkEyXkFqcGdeQXVyNzAwMjU2MTY@._V1_.jpg",
  "createdon": "1898-01-01",
  "type: ListType": "movies",
  "totallikes": 27
}, {
  "id": 496,
  "title": "An Impossible Voyage",
  "mediaimage": "https://m.media-amazon.com/images/M/MV5BMDBmYTZjNjUtN2M1MS00MTQ2LTk2ODgtNzc2M2QyZGE5NTVjXkEyXkFqcGdeQXVyNzAwMjU2MTY@._V1_.jpg",
  "createdon": "1904-01-01",
  "type: ListType": "movies",
  "totallikes": 27
}, {
  "id": 211,
  "title": "Scène d'escamotage",
  "mediaimage": "https://m.media-amazon.com/images/M/MV5BMDBmYTZjNjUtN2M1MS00MTQ2LTk2ODgtNzc2M2QyZGE5NTVjXkEyXkFqcGdeQXVyNzAwMjU2MTY@._V1_.jpg",
  "createdon": "1898-01-01",
  "type: ListType": "movies",
  "totallikes": 27
}, {
  "id": 433,
  "title": "An Extraordinary Cab Accident",
  "mediaimage": "https://m.media-amazon.com/images/M/MV5BMDBmYTZjNjUtN2M1MS00MTQ2LTk2ODgtNzc2M2QyZGE5NTVjXkEyXkFqcGdeQXVyNzAwMjU2MTY@._V1_.jpg",
  "createdon": "1903-01-01",
  "type: ListType": "movies",
  "totallikes": 27
}, {
  "id": 303,
  "title": "L'Habanera",
  "mediaimage": "https://m.media-amazon.com/images/M/MV5BMDBmYTZjNjUtN2M1MS00MTQ2LTk2ODgtNzc2M2QyZGE5NTVjXkEyXkFqcGdeQXVyNzAwMjU2MTY@._V1_.jpg",
  "createdon": "1900-01-01",
  "type: ListType": "movies",
  "totallikes": 27
}, {
  "id": 370,
  "title": "The Devil's Seven Castles",
  "mediaimage": "https://m.media-amazon.com/images/M/MV5BMDBmYTZjNjUtN2M1MS00MTQ2LTk2ODgtNzc2M2QyZGE5NTVjXkEyXkFqcGdeQXVyNzAwMjU2MTY@._V1_.jpg",
  "createdon": "1902-01-01",
  "type: ListType": "movies",
  "totallikes": 27
}, {
  "id": 212,
  "title": "Tearing Down the Spanish Flag",
  "mediaimage": "https://m.media-amazon.com/images/M/MV5BMDBmYTZjNjUtN2M1MS00MTQ2LTk2ODgtNzc2M2QyZGE5NTVjXkEyXkFqcGdeQXVyNzAwMjU2MTY@._V1_.jpg",
  "createdon": "1898-01-01",
  "type: ListType": "movies",
  "totallikes": 27
}, {
  "id": 238,
  "title": "Distributing a War Extra",
  "mediaimage": "https://m.media-amazon.com/images/M/MV5BMDBmYTZjNjUtN2M1MS00MTQ2LTk2ODgtNzc2M2QyZGE5NTVjXkEyXkFqcGdeQXVyNzAwMjU2MTY@._V1_.jpg",
  "createdon": "1899-01-01",
  "type: ListType": "movies",
  "totallikes": 27
}, {
  "id": 337,
  "title": "Uncle Josh in a Spooky Hotel",
  "mediaimage": "https://m.media-amazon.com/images/M/MV5BMDBmYTZjNjUtN2M1MS00MTQ2LTk2ODgtNzc2M2QyZGE5NTVjXkEyXkFqcGdeQXVyNzAwMjU2MTY@._V1_.jpg",
  "createdon": "1900-01-01",
  "type: ListType": "movies",
  "totallikes": 27
}, {
  "id": 267,
  "title": "Army Life; or",
  "mediaimage": "https://m.media-amazon.com/images/M/MV5BMDBmYTZjNjUtN2M1MS00MTQ2LTk2ODgtNzc2M2QyZGE5NTVjXkEyXkFqcGdeQXVyNzAwMjU2MTY@._V1_.jpg",
  "createdon": "1900-01-01",
  "type: ListType": "movies",
  "totallikes": 27
}, {
  "id": 439,
  "title": "Capital Execution",
  "mediaimage": "https://m.media-amazon.com/images/M/MV5BMDBmYTZjNjUtN2M1MS00MTQ2LTk2ODgtNzc2M2QyZGE5NTVjXkEyXkFqcGdeQXVyNzAwMjU2MTY@._V1_.jpg",
  "createdon": "1903-01-01",
  "type: ListType": "movies",
  "totallikes": 27
}, {
  "id": 122,
  "title": "Conjuring",
  "mediaimage": "https://m.media-amazon.com/images/M/MV5BMDBmYTZjNjUtN2M1MS00MTQ2LTk2ODgtNzc2M2QyZGE5NTVjXkEyXkFqcGdeQXVyNzAwMjU2MTY@._V1_.jpg",
  "createdon": "1896-01-01",
  "type: ListType": "movies",
  "totallikes": 27
}, {
  "id": 101,
  "title": "The Beach at Villiers in a Gale",
  "mediaimage": "https://m.media-amazon.com/images/M/MV5BMDBmYTZjNjUtN2M1MS00MTQ2LTk2ODgtNzc2M2QyZGE5NTVjXkEyXkFqcGdeQXVyNzAwMjU2MTY@._V1_.jpg",
  "createdon": "1896-01-01",
  "type: ListType": "movies",
  "totallikes": 27
}, {
  "id": 455,
  "title": "Nos bons étudiants",
  "mediaimage": "https://m.media-amazon.com/images/M/MV5BMDBmYTZjNjUtN2M1MS00MTQ2LTk2ODgtNzc2M2QyZGE5NTVjXkEyXkFqcGdeQXVyNzAwMjU2MTY@._V1_.jpg",
  "createdon": "1903-01-01",
  "type: ListType": "movies",
  "totallikes": 27
}, {
  "id": 30,
  "title": "Jumping the Blanket",
  "mediaimage": "https://m.media-amazon.com/images/M/MV5BMDBmYTZjNjUtN2M1MS00MTQ2LTk2ODgtNzc2M2QyZGE5NTVjXkEyXkFqcGdeQXVyNzAwMjU2MTY@._V1_.jpg",
  "createdon": "1895-01-01",
  "type: ListType": "movies",
  "totallikes": 27
}, {
  "id": 168,
  "title": "The Twins' Tea Party",
  "mediaimage": "https://m.media-amazon.com/images/M/MV5BMDBmYTZjNjUtN2M1MS00MTQ2LTk2ODgtNzc2M2QyZGE5NTVjXkEyXkFqcGdeQXVyNzAwMjU2MTY@._V1_.jpg",
  "createdon": "1896-01-01",
  "type: ListType": "movies",
  "totallikes": 27
}, {
  "id": 409,
  "title": "The Troublesome Fly",
  "mediaimage": "https://m.media-amazon.com/images/M/MV5BMDBmYTZjNjUtN2M1MS00MTQ2LTk2ODgtNzc2M2QyZGE5NTVjXkEyXkFqcGdeQXVyNzAwMjU2MTY@._V1_.jpg",
  "createdon": "1900-01-01",
  "type: ListType": "movies",
  "totallikes": 27
}, {
  "id": 23,
  "title": "Opening of the Kiel Canal",
  "mediaimage": "https://m.media-amazon.com/images/M/MV5BMDBmYTZjNjUtN2M1MS00MTQ2LTk2ODgtNzc2M2QyZGE5NTVjXkEyXkFqcGdeQXVyNzAwMjU2MTY@._V1_.jpg",
  "createdon": "1895-01-01",
  "type: ListType": "movies",
  "totallikes": 27
}, {
  "id": 134,
  "title": "A Watermelon Feast",
  "mediaimage": "https://m.media-amazon.com/images/M/MV5BMDBmYTZjNjUtN2M1MS00MTQ2LTk2ODgtNzc2M2QyZGE5NTVjXkEyXkFqcGdeQXVyNzAwMjU2MTY@._V1_.jpg",
  "createdon": "1896-01-01",
  "type: ListType": "movies",
  "totallikes": 27
}, {
  "id": 264,
  "title": "Above the Speedway",
  "mediaimage": "https://m.media-amazon.com/images/M/MV5BMDBmYTZjNjUtN2M1MS00MTQ2LTk2ODgtNzc2M2QyZGE5NTVjXkEyXkFqcGdeQXVyNzAwMjU2MTY@._V1_.jpg",
  "createdon": "1900-01-01",
  "type: ListType": "movies",
  "totallikes": 27
}, {
  "id": 353,
  "title": "Frivolité",
  "mediaimage": "https://m.media-amazon.com/images/M/MV5BMDBmYTZjNjUtN2M1MS00MTQ2LTk2ODgtNzc2M2QyZGE5NTVjXkEyXkFqcGdeQXVyNzAwMjU2MTY@._V1_.jpg",
  "createdon": "1901-01-01",
  "type: ListType": "movies",
  "totallikes": 27
}, {
  "id": 256,
  "title": "Le tondeur de chiens",
  "mediaimage": "https://m.media-amazon.com/images/M/MV5BMDBmYTZjNjUtN2M1MS00MTQ2LTk2ODgtNzc2M2QyZGE5NTVjXkEyXkFqcGdeQXVyNzAwMjU2MTY@._V1_.jpg",
  "createdon": "1899-01-01",
  "type: ListType": "movies",
  "totallikes": 27
}, {
  "id": 6,
  "title": "Chinese Opium Den",
  "mediaimage": "https://m.media-amazon.com/images/M/MV5BMDBmYTZjNjUtN2M1MS00MTQ2LTk2ODgtNzc2M2QyZGE5NTVjXkEyXkFqcGdeQXVyNzAwMjU2MTY@._V1_.jpg",
  "createdon": "1894-01-01",
  "type: ListType": "movies",
  "totallikes": 27
}, {
  "id": 56,
  "title": "Cortège de tzar allant à Versailles",
  "mediaimage": "https://m.media-amazon.com/images/M/MV5BMDBmYTZjNjUtN2M1MS00MTQ2LTk2ODgtNzc2M2QyZGE5NTVjXkEyXkFqcGdeQXVyNzAwMjU2MTY@._V1_.jpg",
  "createdon": "1896-01-01",
  "type: ListType": "movies",
  "totallikes": 27
}, {
  "id": 232,
  "title": "Cleopatra's Tomb",
  "mediaimage": "https://m.media-amazon.com/images/M/MV5BMDBmYTZjNjUtN2M1MS00MTQ2LTk2ODgtNzc2M2QyZGE5NTVjXkEyXkFqcGdeQXVyNzAwMjU2MTY@._V1_.jpg",
  "createdon": "1899-01-01",
  "type: ListType": "movies",
  "totallikes": 27
}, {
  "id": 297,
  "title": "Le départ d'Arlequin et de Pierrette",
  "mediaimage": "https://m.media-amazon.com/images/M/MV5BMDBmYTZjNjUtN2M1MS00MTQ2LTk2ODgtNzc2M2QyZGE5NTVjXkEyXkFqcGdeQXVyNzAwMjU2MTY@._V1_.jpg",
  "createdon": "1900-01-01",
  "type: ListType": "movies",
  "totallikes": 27
}, {
  "id": 244,
  "title": "A Turn of the Century Illusionist",
  "mediaimage": "https://m.media-amazon.com/images/M/MV5BMDBmYTZjNjUtN2M1MS00MTQ2LTk2ODgtNzc2M2QyZGE5NTVjXkEyXkFqcGdeQXVyNzAwMjU2MTY@._V1_.jpg",
  "createdon": "1899-01-01",
  "type: ListType": "movies",
  "totallikes": 27
}, {
  "id": 115,
  "title": "Sac au dos",
  "mediaimage": "https://m.media-amazon.com/images/M/MV5BMDBmYTZjNjUtN2M1MS00MTQ2LTk2ODgtNzc2M2QyZGE5NTVjXkEyXkFqcGdeQXVyNzAwMjU2MTY@._V1_.jpg",
  "createdon": "1896-01-01",
  "type: ListType": "movies",
  "totallikes": 27
}, {
  "id": 342,
  "title": "L'écossaise",
  "mediaimage": "https://m.media-amazon.com/images/M/MV5BMDBmYTZjNjUtN2M1MS00MTQ2LTk2ODgtNzc2M2QyZGE5NTVjXkEyXkFqcGdeQXVyNzAwMjU2MTY@._V1_.jpg",
  "createdon": "1900-01-01",
  "type: ListType": "movies",
  "totallikes": 27
}, {
  "id": 436,
  "title": "The Great Train Robbery",
  "mediaimage": "https://m.media-amazon.com/images/M/MV5BMDBmYTZjNjUtN2M1MS00MTQ2LTk2ODgtNzc2M2QyZGE5NTVjXkEyXkFqcGdeQXVyNzAwMjU2MTY@._V1_.jpg",
  "createdon": "1903-01-01",
  "type: ListType": "movies",
  "totallikes": 27
}, {
  "id": 347,
  "title": "The Countryman's First Sight of the Animated Pictures",
  "mediaimage": "https://m.media-amazon.com/images/M/MV5BMDBmYTZjNjUtN2M1MS00MTQ2LTk2ODgtNzc2M2QyZGE5NTVjXkEyXkFqcGdeQXVyNzAwMjU2MTY@._V1_.jpg",
  "createdon": "1901-01-01",
  "type: ListType": "movies",
  "totallikes": 27
}, {
  "id": 94,
  "title": "The Mysterious Paper",
  "mediaimage": "https://m.media-amazon.com/images/M/MV5BMDBmYTZjNjUtN2M1MS00MTQ2LTk2ODgtNzc2M2QyZGE5NTVjXkEyXkFqcGdeQXVyNzAwMjU2MTY@._V1_.jpg",
  "createdon": "1896-01-01",
  "type: ListType": "movies",
  "totallikes": 27
}, {
  "id": 1,
  "title": "Carmencita",
  "mediaimage": "https://m.media-amazon.com/images/M/MV5BMDBmYTZjNjUtN2M1MS00MTQ2LTk2ODgtNzc2M2QyZGE5NTVjXkEyXkFqcGdeQXVyNzAwMjU2MTY@._V1_.jpg",
  "createdon": "1894-01-01",
  "type: ListType": "movies",
  "totallikes": 27
}, {
  "id": 273,
  "title": "Badinage",
  "mediaimage": "https://m.media-amazon.com/images/M/MV5BMDBmYTZjNjUtN2M1MS00MTQ2LTk2ODgtNzc2M2QyZGE5NTVjXkEyXkFqcGdeQXVyNzAwMjU2MTY@._V1_.jpg",
  "createdon": "1900-01-01",
  "type: ListType": "movies",
  "totallikes": 27
}, {
  "id": 55,
  "title": "Uma Corrida de Touros no Campo Pequeno",
  "mediaimage": "https://m.media-amazon.com/images/M/MV5BMDBmYTZjNjUtN2M1MS00MTQ2LTk2ODgtNzc2M2QyZGE5NTVjXkEyXkFqcGdeQXVyNzAwMjU2MTY@._V1_.jpg",
  "createdon": "1896-01-01",
  "type: ListType": "movies",
  "totallikes": 27
}, {
  "id": 235,
  "title": "Le crucifiement",
  "mediaimage": "https://m.media-amazon.com/images/M/MV5BMDBmYTZjNjUtN2M1MS00MTQ2LTk2ODgtNzc2M2QyZGE5NTVjXkEyXkFqcGdeQXVyNzAwMjU2MTY@._V1_.jpg",
  "createdon": "1899-01-01",
  "type: ListType": "movies",
  "totallikes": 27
}, {
  "id": 309,
  "title": "Le lapin",
  "mediaimage": "https://m.media-amazon.com/images/M/MV5BMDBmYTZjNjUtN2M1MS00MTQ2LTk2ODgtNzc2M2QyZGE5NTVjXkEyXkFqcGdeQXVyNzAwMjU2MTY@._V1_.jpg",
  "createdon": "1900-01-01",
  "type: ListType": "movies",
  "totallikes": 27
}, {
  "id": 424,
  "title": "Cake-walk de la pendule",
  "mediaimage": "https://m.media-amazon.com/images/M/MV5BMDBmYTZjNjUtN2M1MS00MTQ2LTk2ODgtNzc2M2QyZGE5NTVjXkEyXkFqcGdeQXVyNzAwMjU2MTY@._V1_.jpg",
  "createdon": "1903-01-01",
  "type: ListType": "movies",
  "totallikes": 26
}, {
  "id": 306,
  "title": "The House That Jack Built",
  "mediaimage": "https://m.media-amazon.com/images/M/MV5BMDBmYTZjNjUtN2M1MS00MTQ2LTk2ODgtNzc2M2QyZGE5NTVjXkEyXkFqcGdeQXVyNzAwMjU2MTY@._V1_.jpg",
  "createdon": "1900-01-01",
  "type: ListType": "movies",
  "totallikes": 25
}, {
  "id": 249,
  "title": "Matches: An Appeal",
  "mediaimage": "https://m.media-amazon.com/images/M/MV5BMDBmYTZjNjUtN2M1MS00MTQ2LTk2ODgtNzc2M2QyZGE5NTVjXkEyXkFqcGdeQXVyNzAwMjU2MTY@._V1_.jpg",
  "createdon": "1899-01-01",
  "type: ListType": "movies",
  "totallikes": 20
}, {
  "id": 5,
  "title": "Blacksmith Scene",
  "mediaimage": "https://m.media-amazon.com/images/M/MV5BMDBmYTZjNjUtN2M1MS00MTQ2LTk2ODgtNzc2M2QyZGE5NTVjXkEyXkFqcGdeQXVyNzAwMjU2MTY@._V1_.jpg",
  "createdon": "1893-01-01",
  "type: ListType": "movies",
  "totallikes": 20
}, {
  "id": 97,
  "title": "Place de l'Opéra",
  "mediaimage": "https://m.media-amazon.com/images/M/MV5BMDBmYTZjNjUtN2M1MS00MTQ2LTk2ODgtNzc2M2QyZGE5NTVjXkEyXkFqcGdeQXVyNzAwMjU2MTY@._V1_.jpg",
  "createdon": "1896-01-01",
  "type: ListType": "movies",
  "totallikes": 19
}, {
  "id": 318,
  "title": "The Mystic Swing",
  "mediaimage": "https://m.media-amazon.com/images/M/MV5BMDBmYTZjNjUtN2M1MS00MTQ2LTk2ODgtNzc2M2QyZGE5NTVjXkEyXkFqcGdeQXVyNzAwMjU2MTY@._V1_.jpg",
  "createdon": "1900-01-01",
  "type: ListType": "movies",
  "totallikes": 17
}, {
  "id": 4,
  "title": "Un bon bock",
  "mediaimage": "https://m.media-amazon.com/images/M/MV5BMDBmYTZjNjUtN2M1MS00MTQ2LTk2ODgtNzc2M2QyZGE5NTVjXkEyXkFqcGdeQXVyNzAwMjU2MTY@._V1_.jpg",
  "createdon": "1892-01-01",
  "type: ListType": "movies",
  "totallikes": 17
}, {
  "id": 425,
  "title": "Carreras de bicicletas en el parque",
  "mediaimage": "https://m.media-amazon.com/images/M/MV5BMDBmYTZjNjUtN2M1MS00MTQ2LTk2ODgtNzc2M2QyZGE5NTVjXkEyXkFqcGdeQXVyNzAwMjU2MTY@._V1_.jpg",
  "createdon": "1903-01-01",
  "type: ListType": "movies",
  "totallikes": 17
}, {
  "id": 399,
  "title": "Mother Goose Nursery Rhymes",
  "mediaimage": "https://m.media-amazon.com/images/M/MV5BMDBmYTZjNjUtN2M1MS00MTQ2LTk2ODgtNzc2M2QyZGE5NTVjXkEyXkFqcGdeQXVyNzAwMjU2MTY@._V1_.jpg",
  "createdon": "1902-01-01",
  "type: ListType": "movies",
  "totallikes": 17
}, {
  "id": 240,
  "title": "The Sign of the Cross",
  "mediaimage": "https://m.media-amazon.com/images/M/MV5BMDBmYTZjNjUtN2M1MS00MTQ2LTk2ODgtNzc2M2QyZGE5NTVjXkEyXkFqcGdeQXVyNzAwMjU2MTY@._V1_.jpg",
  "createdon": "1899-01-01",
  "type: ListType": "movies",
  "totallikes": 17
}, {
  "id": 394,
  "title": "La gavotte",
  "mediaimage": "https://m.media-amazon.com/images/M/MV5BMDBmYTZjNjUtN2M1MS00MTQ2LTk2ODgtNzc2M2QyZGE5NTVjXkEyXkFqcGdeQXVyNzAwMjU2MTY@._V1_.jpg",
  "createdon": "1902-01-01",
  "type: ListType": "movies",
  "totallikes": 17
}, {
  "id": 183,
  "title": "La crèche à Bethléem",
  "mediaimage": "https://m.media-amazon.com/images/M/MV5BMDBmYTZjNjUtN2M1MS00MTQ2LTk2ODgtNzc2M2QyZGE5NTVjXkEyXkFqcGdeQXVyNzAwMjU2MTY@._V1_.jpg",
  "createdon": "1898-01-01",
  "type: ListType": "movies",
  "totallikes": 17
}, {
  "id": 286,
  "title": "La concierge",
  "mediaimage": "https://m.media-amazon.com/images/M/MV5BMDBmYTZjNjUtN2M1MS00MTQ2LTk2ODgtNzc2M2QyZGE5NTVjXkEyXkFqcGdeQXVyNzAwMjU2MTY@._V1_.jpg",
  "createdon": "1900-01-01",
  "type: ListType": "movies",
  "totallikes": 17
}, {
  "id": 21,
  "title": "Blacksmith Scene",
  "mediaimage": "https://m.media-amazon.com/images/M/MV5BMDBmYTZjNjUtN2M1MS00MTQ2LTk2ODgtNzc2M2QyZGE5NTVjXkEyXkFqcGdeQXVyNzAwMjU2MTY@._V1_.jpg",
  "createdon": "1895-01-01",
  "type: ListType": "movies",
  "totallikes": 17
}, {
  "id": 69,
  "title": "Demolition of a Wall",
  "mediaimage": "https://m.media-amazon.com/images/M/MV5BMDBmYTZjNjUtN2M1MS00MTQ2LTk2ODgtNzc2M2QyZGE5NTVjXkEyXkFqcGdeQXVyNzAwMjU2MTY@._V1_.jpg",
  "createdon": "1896-01-01",
  "type: ListType": "movies",
  "totallikes": 17
}, {
  "id": 95,
  "title": "Place Saint-Augustin",
  "mediaimage": "https://m.media-amazon.com/images/M/MV5BMDBmYTZjNjUtN2M1MS00MTQ2LTk2ODgtNzc2M2QyZGE5NTVjXkEyXkFqcGdeQXVyNzAwMjU2MTY@._V1_.jpg",
  "createdon": "1896-01-01",
  "type: ListType": "movies",
  "totallikes": 17
}, {
  "id": 151,
  "title": "The Haunted Castle",
  "mediaimage": "https://m.media-amazon.com/images/M/MV5BMDBmYTZjNjUtN2M1MS00MTQ2LTk2ODgtNzc2M2QyZGE5NTVjXkEyXkFqcGdeQXVyNzAwMjU2MTY@._V1_.jpg",
  "createdon": "1897-01-01",
  "type: ListType": "movies",
  "totallikes": 17
}, {
  "id": 234,
  "title": "Courte échelle",
  "mediaimage": "https://m.media-amazon.com/images/M/MV5BMDBmYTZjNjUtN2M1MS00MTQ2LTk2ODgtNzc2M2QyZGE5NTVjXkEyXkFqcGdeQXVyNzAwMjU2MTY@._V1_.jpg",
  "createdon": "1899-01-01",
  "type: ListType": "movies",
  "totallikes": 17
}, {
  "id": 271,
  "title": "Attack on a China Mission",
  "mediaimage": "https://m.media-amazon.com/images/M/MV5BMDBmYTZjNjUtN2M1MS00MTQ2LTk2ODgtNzc2M2QyZGE5NTVjXkEyXkFqcGdeQXVyNzAwMjU2MTY@._V1_.jpg",
  "createdon": "1900-01-01",
  "type: ListType": "movies",
  "totallikes": 17
}, {
  "id": 233,
  "title": "Haggard's She: The Pillar of Fire",
  "mediaimage": "https://m.media-amazon.com/images/M/MV5BMDBmYTZjNjUtN2M1MS00MTQ2LTk2ODgtNzc2M2QyZGE5NTVjXkEyXkFqcGdeQXVyNzAwMjU2MTY@._V1_.jpg",
  "createdon": "1899-01-01",
  "type: ListType": "movies",
  "totallikes": 17
}, {
  "id": 239,
  "title": "La descente de croix",
  "mediaimage": "https://m.media-amazon.com/images/M/MV5BMDBmYTZjNjUtN2M1MS00MTQ2LTk2ODgtNzc2M2QyZGE5NTVjXkEyXkFqcGdeQXVyNzAwMjU2MTY@._V1_.jpg",
  "createdon": "1899-01-01",
  "type: ListType": "movies",
  "totallikes": 17
}, {
  "id": 384,
  "title": "The Coronation of King Edward VII",
  "mediaimage": "https://m.media-amazon.com/images/M/MV5BMDBmYTZjNjUtN2M1MS00MTQ2LTk2ODgtNzc2M2QyZGE5NTVjXkEyXkFqcGdeQXVyNzAwMjU2MTY@._V1_.jpg",
  "createdon": "1902-01-01",
  "type: ListType": "movies",
  "totallikes": 17
}, {
  "id": 405,
  "title": "Quadrille réaliste",
  "mediaimage": "https://m.media-amazon.com/images/M/MV5BMDBmYTZjNjUtN2M1MS00MTQ2LTk2ODgtNzc2M2QyZGE5NTVjXkEyXkFqcGdeQXVyNzAwMjU2MTY@._V1_.jpg",
  "createdon": "1902-01-01",
  "type: ListType": "movies",
  "totallikes": 17
}, {
  "id": 39,
  "title": "Barque sortant du port de Trouville",
  "mediaimage": "https://m.media-amazon.com/images/M/MV5BMDBmYTZjNjUtN2M1MS00MTQ2LTk2ODgtNzc2M2QyZGE5NTVjXkEyXkFqcGdeQXVyNzAwMjU2MTY@._V1_.jpg",
  "createdon": "1896-01-01",
  "type: ListType": "movies",
  "totallikes": 17
}, {
  "id": 16,
  "title": "Boat Leaving the Port",
  "mediaimage": "https://m.media-amazon.com/images/M/MV5BMDBmYTZjNjUtN2M1MS00MTQ2LTk2ODgtNzc2M2QyZGE5NTVjXkEyXkFqcGdeQXVyNzAwMjU2MTY@._V1_.jpg",
  "createdon": "1895-01-01",
  "type: ListType": "movies",
  "totallikes": 17
}, {
  "id": 452,
  "title": "The Music Lover",
  "mediaimage": "https://m.media-amazon.com/images/M/MV5BMDBmYTZjNjUtN2M1MS00MTQ2LTk2ODgtNzc2M2QyZGE5NTVjXkEyXkFqcGdeQXVyNzAwMjU2MTY@._V1_.jpg",
  "createdon": "1903-01-01",
  "type: ListType": "movies",
  "totallikes": 17
}, {
  "id": 478,
  "title": "A Collier's Life",
  "mediaimage": "https://m.media-amazon.com/images/M/MV5BMDBmYTZjNjUtN2M1MS00MTQ2LTk2ODgtNzc2M2QyZGE5NTVjXkEyXkFqcGdeQXVyNzAwMjU2MTY@._V1_.jpg",
  "createdon": "1904-01-01",
  "type: ListType": "movies",
  "totallikes": 17
}, {
  "id": 160,
  "title": "Niagara Falls",
  "mediaimage": "https://m.media-amazon.com/images/M/MV5BMDBmYTZjNjUtN2M1MS00MTQ2LTk2ODgtNzc2M2QyZGE5NTVjXkEyXkFqcGdeQXVyNzAwMjU2MTY@._V1_.jpg",
  "createdon": "1897-01-01",
  "type: ListType": "movies",
  "totallikes": 17
}, {
  "id": 444,
  "title": "Life of an American Fireman",
  "mediaimage": "https://m.media-amazon.com/images/M/MV5BMDBmYTZjNjUtN2M1MS00MTQ2LTk2ODgtNzc2M2QyZGE5NTVjXkEyXkFqcGdeQXVyNzAwMjU2MTY@._V1_.jpg",
  "createdon": "1903-01-01",
  "type: ListType": "movies",
  "totallikes": 17
}, {
  "id": 198,
  "title": "Gran corrida de toros",
  "mediaimage": "https://m.media-amazon.com/images/M/MV5BMDBmYTZjNjUtN2M1MS00MTQ2LTk2ODgtNzc2M2QyZGE5NTVjXkEyXkFqcGdeQXVyNzAwMjU2MTY@._V1_.jpg",
  "createdon": "1898-01-01",
  "type: ListType": "movies",
  "totallikes": 17
}, {
  "id": 228,
  "title": "Cinderella",
  "mediaimage": "https://m.media-amazon.com/images/M/MV5BMDBmYTZjNjUtN2M1MS00MTQ2LTk2ODgtNzc2M2QyZGE5NTVjXkEyXkFqcGdeQXVyNzAwMjU2MTY@._V1_.jpg",
  "createdon": "1899-01-01",
  "type: ListType": "movies",
  "totallikes": 17
}, {
  "id": 259,
  "title": "A Midnight Episode",
  "mediaimage": "https://m.media-amazon.com/images/M/MV5BMDBmYTZjNjUtN2M1MS00MTQ2LTk2ODgtNzc2M2QyZGE5NTVjXkEyXkFqcGdeQXVyNzAwMjU2MTY@._V1_.jpg",
  "createdon": "1899-01-01",
  "type: ListType": "movies",
  "totallikes": 17
}, {
  "id": 19,
  "title": "The Clown Barber",
  "mediaimage": "https://m.media-amazon.com/images/M/MV5BMDBmYTZjNjUtN2M1MS00MTQ2LTk2ODgtNzc2M2QyZGE5NTVjXkEyXkFqcGdeQXVyNzAwMjU2MTY@._V1_.jpg",
  "createdon": "1898-01-01",
  "type: ListType": "movies",
  "totallikes": 17
}, {
  "id": 262,
  "title": "Summoning the Spirits",
  "mediaimage": "https://m.media-amazon.com/images/M/MV5BMDBmYTZjNjUtN2M1MS00MTQ2LTk2ODgtNzc2M2QyZGE5NTVjXkEyXkFqcGdeQXVyNzAwMjU2MTY@._V1_.jpg",
  "createdon": "1899-01-01",
  "type: ListType": "movies",
  "totallikes": 17
}, {
  "id": 461,
  "title": "Rip Van Winkle",
  "mediaimage": "https://m.media-amazon.com/images/M/MV5BMDBmYTZjNjUtN2M1MS00MTQ2LTk2ODgtNzc2M2QyZGE5NTVjXkEyXkFqcGdeQXVyNzAwMjU2MTY@._V1_.jpg",
  "createdon": "1896-01-01",
  "type: ListType": "movies",
  "totallikes": 17
}, {
  "id": 90,
  "title": "The House of the Devil",
  "mediaimage": "https://m.media-amazon.com/images/M/MV5BMDBmYTZjNjUtN2M1MS00MTQ2LTk2ODgtNzc2M2QyZGE5NTVjXkEyXkFqcGdeQXVyNzAwMjU2MTY@._V1_.jpg",
  "createdon": "1896-01-01",
  "type: ListType": "movies",
  "totallikes": 17
}, {
  "id": 242,
  "title": "Erreur judiciaire",
  "mediaimage": "https://m.media-amazon.com/images/M/MV5BMDBmYTZjNjUtN2M1MS00MTQ2LTk2ODgtNzc2M2QyZGE5NTVjXkEyXkFqcGdeQXVyNzAwMjU2MTY@._V1_.jpg",
  "createdon": "1899-01-01",
  "type: ListType": "movies",
  "totallikes": 14
}, {
  "id": 251,
  "title": "The Miser's Doom",
  "mediaimage": "https://m.media-amazon.com/images/M/MV5BMDBmYTZjNjUtN2M1MS00MTQ2LTk2ODgtNzc2M2QyZGE5NTVjXkEyXkFqcGdeQXVyNzAwMjU2MTY@._V1_.jpg",
  "createdon": "1899-01-01",
  "type: ListType": "movies",
  "totallikes": 14
}, {
  "id": 320,
  "title": "Pas Japonais",
  "mediaimage": "https://m.media-amazon.com/images/M/MV5BMDBmYTZjNjUtN2M1MS00MTQ2LTk2ODgtNzc2M2QyZGE5NTVjXkEyXkFqcGdeQXVyNzAwMjU2MTY@._V1_.jpg",
  "createdon": "1900-01-01",
  "type: ListType": "movies",
  "totallikes": 14
}, {
  "id": 54,
  "title": "Le chiffonnier",
  "mediaimage": "https://m.media-amazon.com/images/M/MV5BMDBmYTZjNjUtN2M1MS00MTQ2LTk2ODgtNzc2M2QyZGE5NTVjXkEyXkFqcGdeQXVyNzAwMjU2MTY@._V1_.jpg",
  "createdon": "1896-01-01",
  "type: ListType": "movies",
  "totallikes": 14
}, {
  "id": 243,
  "title": "The Haunted House",
  "mediaimage": "https://m.media-amazon.com/images/M/MV5BMDBmYTZjNjUtN2M1MS00MTQ2LTk2ODgtNzc2M2QyZGE5NTVjXkEyXkFqcGdeQXVyNzAwMjU2MTY@._V1_.jpg",
  "createdon": "1899-01-01",
  "type: ListType": "movies",
  "totallikes": 14
}, {
  "id": 61,
  "title": "Danse serpentine",
  "mediaimage": "https://m.media-amazon.com/images/M/MV5BMDBmYTZjNjUtN2M1MS00MTQ2LTk2ODgtNzc2M2QyZGE5NTVjXkEyXkFqcGdeQXVyNzAwMjU2MTY@._V1_.jpg",
  "createdon": "1896-01-01",
  "type: ListType": "movies",
  "totallikes": 14
}, {
  "id": 73,
  "title": "Enfants jouant sur la plage",
  "mediaimage": "https://m.media-amazon.com/images/M/MV5BMDBmYTZjNjUtN2M1MS00MTQ2LTk2ODgtNzc2M2QyZGE5NTVjXkEyXkFqcGdeQXVyNzAwMjU2MTY@._V1_.jpg",
  "createdon": "1896-01-01",
  "type: ListType": "movies",
  "totallikes": 14
}, {
  "id": 465,
  "title": "Service précipité",
  "mediaimage": "https://m.media-amazon.com/images/M/MV5BMDBmYTZjNjUtN2M1MS00MTQ2LTk2ODgtNzc2M2QyZGE5NTVjXkEyXkFqcGdeQXVyNzAwMjU2MTY@._V1_.jpg",
  "createdon": "1903-01-01",
  "type: ListType": "movies",
  "totallikes": 14
}, {
  "id": 209,
  "title": "The Astronomer's Dream; or",
  "mediaimage": "https://m.media-amazon.com/images/M/MV5BMDBmYTZjNjUtN2M1MS00MTQ2LTk2ODgtNzc2M2QyZGE5NTVjXkEyXkFqcGdeQXVyNzAwMjU2MTY@._V1_.jpg",
  "createdon": "1898-01-01",
  "type: ListType": "movies",
  "totallikes": 14
}, {
  "id": 287,
  "title": "Coucher d'une Parisienne",
  "mediaimage": "https://m.media-amazon.com/images/M/MV5BMDBmYTZjNjUtN2M1MS00MTQ2LTk2ODgtNzc2M2QyZGE5NTVjXkEyXkFqcGdeQXVyNzAwMjU2MTY@._V1_.jpg",
  "createdon": "1900-01-01",
  "type: ListType": "movies",
  "totallikes": 14
}, {
  "id": 488,
  "title": "Opening the Williamsburg Bridge",
  "mediaimage": "https://m.media-amazon.com/images/M/MV5BMDBmYTZjNjUtN2M1MS00MTQ2LTk2ODgtNzc2M2QyZGE5NTVjXkEyXkFqcGdeQXVyNzAwMjU2MTY@._V1_.jpg",
  "createdon": "1904-01-01",
  "type: ListType": "movies",
  "totallikes": 14
}, {
  "id": 32,
  "title": "Horse Trick Riders",
  "mediaimage": "https://m.media-amazon.com/images/M/MV5BMDBmYTZjNjUtN2M1MS00MTQ2LTk2ODgtNzc2M2QyZGE5NTVjXkEyXkFqcGdeQXVyNzAwMjU2MTY@._V1_.jpg",
  "createdon": "1895-01-01",
  "type: ListType": "movies",
  "totallikes": 14
}, {
  "id": 176,
  "title": "The Cavalier's Dream",
  "mediaimage": "https://m.media-amazon.com/images/M/MV5BMDBmYTZjNjUtN2M1MS00MTQ2LTk2ODgtNzc2M2QyZGE5NTVjXkEyXkFqcGdeQXVyNzAwMjU2MTY@._V1_.jpg",
  "createdon": "1898-01-01",
  "type: ListType": "movies",
  "totallikes": 14
}, {
  "id": 447,
  "title": "La main du professeur Hamilton ou le roi des dollars",
  "mediaimage": "https://m.media-amazon.com/images/M/MV5BMDBmYTZjNjUtN2M1MS00MTQ2LTk2ODgtNzc2M2QyZGE5NTVjXkEyXkFqcGdeQXVyNzAwMjU2MTY@._V1_.jpg",
  "createdon": "1903-01-01",
  "type: ListType": "movies",
  "totallikes": 14
}, {
  "id": 377,
  "title": "Sleeping Beauty",
  "mediaimage": "https://m.media-amazon.com/images/M/MV5BMDBmYTZjNjUtN2M1MS00MTQ2LTk2ODgtNzc2M2QyZGE5NTVjXkEyXkFqcGdeQXVyNzAwMjU2MTY@._V1_.jpg",
  "createdon": "1903-01-01",
  "type: ListType": "movies",
  "totallikes": 14
}, {
  "id": 397,
  "title": "Le lion savant",
  "mediaimage": "https://m.media-amazon.com/images/M/MV5BMDBmYTZjNjUtN2M1MS00MTQ2LTk2ODgtNzc2M2QyZGE5NTVjXkEyXkFqcGdeQXVyNzAwMjU2MTY@._V1_.jpg",
  "createdon": "1902-01-01",
  "type: ListType": "movies",
  "totallikes": 14
}, {
  "id": 382,
  "title": "Les clowns",
  "mediaimage": "https://m.media-amazon.com/images/M/MV5BMDBmYTZjNjUtN2M1MS00MTQ2LTk2ODgtNzc2M2QyZGE5NTVjXkEyXkFqcGdeQXVyNzAwMjU2MTY@._V1_.jpg",
  "createdon": "1902-01-01",
  "type: ListType": "movies",
  "totallikes": 14
}, {
  "id": 137,
  "title": "L'aveugle",
  "mediaimage": "https://m.media-amazon.com/images/M/MV5BMDBmYTZjNjUtN2M1MS00MTQ2LTk2ODgtNzc2M2QyZGE5NTVjXkEyXkFqcGdeQXVyNzAwMjU2MTY@._V1_.jpg",
  "createdon": "1897-01-01",
  "type: ListType": "movies",
  "totallikes": 14
}, {
  "id": 427,
  "title": "A Chess Dispute",
  "mediaimage": "https://m.media-amazon.com/images/M/MV5BMDBmYTZjNjUtN2M1MS00MTQ2LTk2ODgtNzc2M2QyZGE5NTVjXkEyXkFqcGdeQXVyNzAwMjU2MTY@._V1_.jpg",
  "createdon": "1903-01-01",
  "type: ListType": "movies",
  "totallikes": 14
}, {
  "id": 388,
  "title": "La dent récalcitrante",
  "mediaimage": "https://m.media-amazon.com/images/M/MV5BMDBmYTZjNjUtN2M1MS00MTQ2LTk2ODgtNzc2M2QyZGE5NTVjXkEyXkFqcGdeQXVyNzAwMjU2MTY@._V1_.jpg",
  "createdon": "1902-01-01",
  "type: ListType": "movies",
  "totallikes": 11
}, {
  "id": 446,
  "title": "Lutteurs américains",
  "mediaimage": "https://m.media-amazon.com/images/M/MV5BMDBmYTZjNjUtN2M1MS00MTQ2LTk2ODgtNzc2M2QyZGE5NTVjXkEyXkFqcGdeQXVyNzAwMjU2MTY@._V1_.jpg",
  "createdon": "1903-01-01",
  "type: ListType": "movies",
  "totallikes": 11
}, {
  "id": 83,
  "title": "Les ivrognes",
  "mediaimage": "https://m.media-amazon.com/images/M/MV5BMDBmYTZjNjUtN2M1MS00MTQ2LTk2ODgtNzc2M2QyZGE5NTVjXkEyXkFqcGdeQXVyNzAwMjU2MTY@._V1_.jpg",
  "createdon": "1896-01-01",
  "type: ListType": "movies",
  "totallikes": 10
}, {
  "id": 245,
  "title": "King John",
  "mediaimage": "https://m.media-amazon.com/images/M/MV5BMDBmYTZjNjUtN2M1MS00MTQ2LTk2ODgtNzc2M2QyZGE5NTVjXkEyXkFqcGdeQXVyNzAwMjU2MTY@._V1_.jpg",
  "createdon": "1899-01-01",
  "type: ListType": "movies",
  "totallikes": 9
}, {
  "id": 165,
  "title": "Salida de misa de doce del Pilar de Zaragoza",
  "mediaimage": "https://m.media-amazon.com/images/M/MV5BMDBmYTZjNjUtN2M1MS00MTQ2LTk2ODgtNzc2M2QyZGE5NTVjXkEyXkFqcGdeQXVyNzAwMjU2MTY@._V1_.jpg",
  "createdon": "1897-01-01",
  "type: ListType": "movies",
  "totallikes": 9
}, {
  "id": 463,
  "title": "Répétition dans un cirque",
  "mediaimage": "https://m.media-amazon.com/images/M/MV5BMDBmYTZjNjUtN2M1MS00MTQ2LTk2ODgtNzc2M2QyZGE5NTVjXkEyXkFqcGdeQXVyNzAwMjU2MTY@._V1_.jpg",
  "createdon": "1903-01-01",
  "type: ListType": "movies",
  "totallikes": 9
}, {
  "id": 189,
  "title": "Déménagement à la cloche de bois",
  "mediaimage": "https://m.media-amazon.com/images/M/MV5BMDBmYTZjNjUtN2M1MS00MTQ2LTk2ODgtNzc2M2QyZGE5NTVjXkEyXkFqcGdeQXVyNzAwMjU2MTY@._V1_.jpg",
  "createdon": "1898-01-01",
  "type: ListType": "movies",
  "totallikes": 9
}, {
  "id": 194,
  "title": "Faust and Mephistopheles",
  "mediaimage": "https://m.media-amazon.com/images/M/MV5BMDBmYTZjNjUtN2M1MS00MTQ2LTk2ODgtNzc2M2QyZGE5NTVjXkEyXkFqcGdeQXVyNzAwMjU2MTY@._V1_.jpg",
  "createdon": "1898-01-01",
  "type: ListType": "movies",
  "totallikes": 9
}, {
  "id": 18,
  "title": "Das boxende Känguruh",
  "mediaimage": "https://m.media-amazon.com/images/M/MV5BMDBmYTZjNjUtN2M1MS00MTQ2LTk2ODgtNzc2M2QyZGE5NTVjXkEyXkFqcGdeQXVyNzAwMjU2MTY@._V1_.jpg",
  "createdon": "1895-01-01",
  "type: ListType": "movies",
  "totallikes": 9
}, {
  "id": 434,
  "title": "Faust et Méphistophélès",
  "mediaimage": "https://m.media-amazon.com/images/M/MV5BMDBmYTZjNjUtN2M1MS00MTQ2LTk2ODgtNzc2M2QyZGE5NTVjXkEyXkFqcGdeQXVyNzAwMjU2MTY@._V1_.jpg",
  "createdon": "1903-01-01",
  "type: ListType": "movies",
  "totallikes": 8
}, {
  "id": 317,
  "title": "Mort d'Adonis",
  "mediaimage": "https://m.media-amazon.com/images/M/MV5BMDBmYTZjNjUtN2M1MS00MTQ2LTk2ODgtNzc2M2QyZGE5NTVjXkEyXkFqcGdeQXVyNzAwMjU2MTY@._V1_.jpg",
  "createdon": "1900-01-01",
  "type: ListType": "movies",
  "totallikes": 8
}, {
  "id": 492,
  "title": "The Pearl Fisher",
  "mediaimage": "https://m.media-amazon.com/images/M/MV5BMDBmYTZjNjUtN2M1MS00MTQ2LTk2ODgtNzc2M2QyZGE5NTVjXkEyXkFqcGdeQXVyNzAwMjU2MTY@._V1_.jpg",
  "createdon": "1907-01-01",
  "type: ListType": "movies",
  "totallikes": 8
}, {
  "id": 66,
  "title": "Conjurer Making Ten Hats in Sixty Seconds",
  "mediaimage": "https://m.media-amazon.com/images/M/MV5BMDBmYTZjNjUtN2M1MS00MTQ2LTk2ODgtNzc2M2QyZGE5NTVjXkEyXkFqcGdeQXVyNzAwMjU2MTY@._V1_.jpg",
  "createdon": "1896-01-01",
  "type: ListType": "movies",
  "totallikes": 8
}, {
  "id": 403,
  "title": "The Prince of Darkness",
  "mediaimage": "https://m.media-amazon.com/images/M/MV5BMDBmYTZjNjUtN2M1MS00MTQ2LTk2ODgtNzc2M2QyZGE5NTVjXkEyXkFqcGdeQXVyNzAwMjU2MTY@._V1_.jpg",
  "createdon": "1900-01-01",
  "type: ListType": "movies",
  "totallikes": 8
}, {
  "id": 50,
  "title": "The Bohemian Encampment",
  "mediaimage": "https://m.media-amazon.com/images/M/MV5BMDBmYTZjNjUtN2M1MS00MTQ2LTk2ODgtNzc2M2QyZGE5NTVjXkEyXkFqcGdeQXVyNzAwMjU2MTY@._V1_.jpg",
  "createdon": "1896-01-01",
  "type: ListType": "movies",
  "totallikes": 8
}, {
  "id": 121,
  "title": "Closing Hours at Vibert's Perfume Factory",
  "mediaimage": "https://m.media-amazon.com/images/M/MV5BMDBmYTZjNjUtN2M1MS00MTQ2LTk2ODgtNzc2M2QyZGE5NTVjXkEyXkFqcGdeQXVyNzAwMjU2MTY@._V1_.jpg",
  "createdon": "1896-01-01",
  "type: ListType": "movies",
  "totallikes": 8
}, {
  "id": 155,
  "title": "Idylle",
  "mediaimage": "https://m.media-amazon.com/images/M/MV5BMDBmYTZjNjUtN2M1MS00MTQ2LTk2ODgtNzc2M2QyZGE5NTVjXkEyXkFqcGdeQXVyNzAwMjU2MTY@._V1_.jpg",
  "createdon": "1897-01-01",
  "type: ListType": "movies",
  "totallikes": 8
}, {
  "id": 336,
  "title": "La tarentelle",
  "mediaimage": "https://m.media-amazon.com/images/M/MV5BMDBmYTZjNjUtN2M1MS00MTQ2LTk2ODgtNzc2M2QyZGE5NTVjXkEyXkFqcGdeQXVyNzAwMjU2MTY@._V1_.jpg",
  "createdon": "1900-01-01",
  "type: ListType": "movies",
  "totallikes": 8
}, {
  "id": 133,
  "title": "The Wandering Negro Minstrels",
  "mediaimage": "https://m.media-amazon.com/images/M/MV5BMDBmYTZjNjUtN2M1MS00MTQ2LTk2ODgtNzc2M2QyZGE5NTVjXkEyXkFqcGdeQXVyNzAwMjU2MTY@._V1_.jpg",
  "createdon": "1896-01-01",
  "type: ListType": "movies",
  "totallikes": 8
}, {
  "id": 435,
  "title": "Le fiancé ensorcelé",
  "mediaimage": "https://m.media-amazon.com/images/M/MV5BMDBmYTZjNjUtN2M1MS00MTQ2LTk2ODgtNzc2M2QyZGE5NTVjXkEyXkFqcGdeQXVyNzAwMjU2MTY@._V1_.jpg",
  "createdon": "1903-01-01",
  "type: ListType": "movies",
  "totallikes": 8
}, {
  "id": 105,
  "title": "Retour au cantonnement",
  "mediaimage": "https://m.media-amazon.com/images/M/MV5BMDBmYTZjNjUtN2M1MS00MTQ2LTk2ODgtNzc2M2QyZGE5NTVjXkEyXkFqcGdeQXVyNzAwMjU2MTY@._V1_.jpg",
  "createdon": "1896-01-01",
  "type: ListType": "movies",
  "totallikes": 8
}, {
  "id": 82,
  "title": "Les indiscrets",
  "mediaimage": "https://m.media-amazon.com/images/M/MV5BMDBmYTZjNjUtN2M1MS00MTQ2LTk2ODgtNzc2M2QyZGE5NTVjXkEyXkFqcGdeQXVyNzAwMjU2MTY@._V1_.jpg",
  "createdon": "1896-01-01",
  "type: ListType": "movies",
  "totallikes": 8
}, {
  "id": 173,
  "title": "A Sea Cave Near Lisbon",
  "mediaimage": "https://m.media-amazon.com/images/M/MV5BMDBmYTZjNjUtN2M1MS00MTQ2LTk2ODgtNzc2M2QyZGE5NTVjXkEyXkFqcGdeQXVyNzAwMjU2MTY@._V1_.jpg",
  "createdon": "1896-01-01",
  "type: ListType": "movies",
  "totallikes": 8
}, {
  "id": 186,
  "title": "The Deserter",
  "mediaimage": "https://m.media-amazon.com/images/M/MV5BMDBmYTZjNjUtN2M1MS00MTQ2LTk2ODgtNzc2M2QyZGE5NTVjXkEyXkFqcGdeQXVyNzAwMjU2MTY@._V1_.jpg",
  "createdon": "1898-01-01",
  "type: ListType": "movies",
  "totallikes": 8
}, {
  "id": 285,
  "title": "The Clown and the Alchemist",
  "mediaimage": "https://m.media-amazon.com/images/M/MV5BMDBmYTZjNjUtN2M1MS00MTQ2LTk2ODgtNzc2M2QyZGE5NTVjXkEyXkFqcGdeQXVyNzAwMjU2MTY@._V1_.jpg",
  "createdon": "1900-01-01",
  "type: ListType": "movies",
  "totallikes": 8
}, {
  "id": 323,
  "title": "Pas du poignard",
  "mediaimage": "https://m.media-amazon.com/images/M/MV5BMDBmYTZjNjUtN2M1MS00MTQ2LTk2ODgtNzc2M2QyZGE5NTVjXkEyXkFqcGdeQXVyNzAwMjU2MTY@._V1_.jpg",
  "createdon": "1900-01-01",
  "type: ListType": "movies",
  "totallikes": 8
}, {
  "id": 475,
  "title": "Behind the Scenes",
  "mediaimage": "https://m.media-amazon.com/images/M/MV5BMDBmYTZjNjUtN2M1MS00MTQ2LTk2ODgtNzc2M2QyZGE5NTVjXkEyXkFqcGdeQXVyNzAwMjU2MTY@._V1_.jpg",
  "createdon": "1904-01-01",
  "type: ListType": "movies",
  "totallikes": 8
}, {
  "id": 11,
  "title": "Akrobatisches Potpourri",
  "mediaimage": "https://m.media-amazon.com/images/M/MV5BMDBmYTZjNjUtN2M1MS00MTQ2LTk2ODgtNzc2M2QyZGE5NTVjXkEyXkFqcGdeQXVyNzAwMjU2MTY@._V1_.jpg",
  "createdon": "1895-01-01",
  "type: ListType": "movies",
  "totallikes": 8
}, {
  "id": 481,
  "title": "Les enfants du miracle",
  "mediaimage": "https://m.media-amazon.com/images/M/MV5BMDBmYTZjNjUtN2M1MS00MTQ2LTk2ODgtNzc2M2QyZGE5NTVjXkEyXkFqcGdeQXVyNzAwMjU2MTY@._V1_.jpg",
  "createdon": "1904-01-01",
  "type: ListType": "movies",
  "totallikes": 8
}, {
  "id": 279,
  "title": "Buffalo Bill's Wild West Show",
  "mediaimage": "https://m.media-amazon.com/images/M/MV5BMDBmYTZjNjUtN2M1MS00MTQ2LTk2ODgtNzc2M2QyZGE5NTVjXkEyXkFqcGdeQXVyNzAwMjU2MTY@._V1_.jpg",
  "createdon": "1900-01-01",
  "type: ListType": "movies",
  "totallikes": 8
}, {
  "id": 64,
  "title": "Dessinateur: Reine Victoria",
  "mediaimage": "https://m.media-amazon.com/images/M/MV5BMDBmYTZjNjUtN2M1MS00MTQ2LTk2ODgtNzc2M2QyZGE5NTVjXkEyXkFqcGdeQXVyNzAwMjU2MTY@._V1_.jpg",
  "createdon": "1896-01-01",
  "type: ListType": "movies",
  "totallikes": 8
}, {
  "id": 280,
  "title": "Le bébé",
  "mediaimage": "https://m.media-amazon.com/images/M/MV5BMDBmYTZjNjUtN2M1MS00MTQ2LTk2ODgtNzc2M2QyZGE5NTVjXkEyXkFqcGdeQXVyNzAwMjU2MTY@._V1_.jpg",
  "createdon": "1900-01-01",
  "type: ListType": "movies",
  "totallikes": 8
}, {
  "id": 113,
  "title": "French Regiment Going to the Parade",
  "mediaimage": "https://m.media-amazon.com/images/M/MV5BMDBmYTZjNjUtN2M1MS00MTQ2LTk2ODgtNzc2M2QyZGE5NTVjXkEyXkFqcGdeQXVyNzAwMjU2MTY@._V1_.jpg",
  "createdon": "1896-01-01",
  "type: ListType": "movies",
  "totallikes": 7
}, {
  "id": 130,
  "title": "A Terrible Night",
  "mediaimage": "https://m.media-amazon.com/images/M/MV5BMDBmYTZjNjUtN2M1MS00MTQ2LTk2ODgtNzc2M2QyZGE5NTVjXkEyXkFqcGdeQXVyNzAwMjU2MTY@._V1_.jpg",
  "createdon": "1896-01-01",
  "type: ListType": "movies",
  "totallikes": 6
}, {
  "id": 395,
  "title": "La gigue",
  "mediaimage": "https://m.media-amazon.com/images/M/MV5BMDBmYTZjNjUtN2M1MS00MTQ2LTk2ODgtNzc2M2QyZGE5NTVjXkEyXkFqcGdeQXVyNzAwMjU2MTY@._V1_.jpg",
  "createdon": "1902-01-01",
  "type: ListType": "movies",
  "totallikes": 6
}, {
  "id": 250,
  "title": "La mauvaise soupe",
  "mediaimage": "https://m.media-amazon.com/images/M/MV5BMDBmYTZjNjUtN2M1MS00MTQ2LTk2ODgtNzc2M2QyZGE5NTVjXkEyXkFqcGdeQXVyNzAwMjU2MTY@._V1_.jpg",
  "createdon": "1899-01-01",
  "type: ListType": "movies",
  "totallikes": 6
}, {
  "id": 412,
  "title": "A Peculiar Cabinet",
  "mediaimage": "https://m.media-amazon.com/images/M/MV5BMDBmYTZjNjUtN2M1MS00MTQ2LTk2ODgtNzc2M2QyZGE5NTVjXkEyXkFqcGdeQXVyNzAwMjU2MTY@._V1_.jpg",
  "createdon": "1902-01-01",
  "type: ListType": "movies",
  "totallikes": 6
}, {
  "id": 300,
  "title": "La fée aux choux",
  "mediaimage": "https://m.media-amazon.com/images/M/MV5BMDBmYTZjNjUtN2M1MS00MTQ2LTk2ODgtNzc2M2QyZGE5NTVjXkEyXkFqcGdeQXVyNzAwMjU2MTY@._V1_.jpg",
  "createdon": "1900-01-01",
  "type: ListType": "movies",
  "totallikes": 5
}, {
  "id": 81,
  "title": "A Hard Wash",
  "mediaimage": "https://m.media-amazon.com/images/M/MV5BMDBmYTZjNjUtN2M1MS00MTQ2LTk2ODgtNzc2M2QyZGE5NTVjXkEyXkFqcGdeQXVyNzAwMjU2MTY@._V1_.jpg",
  "createdon": "1896-01-01",
  "type: ListType": "movies",
  "totallikes": 5
}, {
  "id": 60,
  "title": "Dancing Girls",
  "mediaimage": "https://m.media-amazon.com/images/M/MV5BMDBmYTZjNjUtN2M1MS00MTQ2LTk2ODgtNzc2M2QyZGE5NTVjXkEyXkFqcGdeQXVyNzAwMjU2MTY@._V1_.jpg",
  "createdon": "1896-01-01",
  "type: ListType": "movies",
  "totallikes": 5
}, {
  "id": 104,
  "title": "The Docks at Marseilles",
  "mediaimage": "https://m.media-amazon.com/images/M/MV5BMDBmYTZjNjUtN2M1MS00MTQ2LTk2ODgtNzc2M2QyZGE5NTVjXkEyXkFqcGdeQXVyNzAwMjU2MTY@._V1_.jpg",
  "createdon": "1896-01-01",
  "type: ListType": "movies",
  "totallikes": 5
}, {
  "id": 473,
  "title": "Après la fête",
  "mediaimage": "https://m.media-amazon.com/images/M/MV5BMDBmYTZjNjUtN2M1MS00MTQ2LTk2ODgtNzc2M2QyZGE5NTVjXkEyXkFqcGdeQXVyNzAwMjU2MTY@._V1_.jpg",
  "createdon": "1904-01-01",
  "type: ListType": "movies",
  "totallikes": 5
}, {
  "id": 437,
  "title": "La guirlande merveilleuse",
  "mediaimage": "https://m.media-amazon.com/images/M/MV5BMDBmYTZjNjUtN2M1MS00MTQ2LTk2ODgtNzc2M2QyZGE5NTVjXkEyXkFqcGdeQXVyNzAwMjU2MTY@._V1_.jpg",
  "createdon": "1903-01-01",
  "type: ListType": "movies",
  "totallikes": 5
}, {
  "id": 103,
  "title": "Pompiers à Lyon",
  "mediaimage": "https://m.media-amazon.com/images/M/MV5BMDBmYTZjNjUtN2M1MS00MTQ2LTk2ODgtNzc2M2QyZGE5NTVjXkEyXkFqcGdeQXVyNzAwMjU2MTY@._V1_.jpg",
  "createdon": "1896-01-01",
  "type: ListType": "movies",
  "totallikes": 5
}, {
  "id": 428,
  "title": "Comme on fait son lit on se couche",
  "mediaimage": "https://m.media-amazon.com/images/M/MV5BMDBmYTZjNjUtN2M1MS00MTQ2LTk2ODgtNzc2M2QyZGE5NTVjXkEyXkFqcGdeQXVyNzAwMjU2MTY@._V1_.jpg",
  "createdon": "1903-01-01",
  "type: ListType": "movies",
  "totallikes": 5
}, {
  "id": 129,
  "title": "Une altercation au café",
  "mediaimage": "https://m.media-amazon.com/images/M/MV5BMDBmYTZjNjUtN2M1MS00MTQ2LTk2ODgtNzc2M2QyZGE5NTVjXkEyXkFqcGdeQXVyNzAwMjU2MTY@._V1_.jpg",
  "createdon": "1896-01-01",
  "type: ListType": "movies",
  "totallikes": 5
}, {
  "id": 381,
  "title": "Miss Dundee and Her Performing Dogs",
  "mediaimage": "https://m.media-amazon.com/images/M/MV5BMDBmYTZjNjUtN2M1MS00MTQ2LTk2ODgtNzc2M2QyZGE5NTVjXkEyXkFqcGdeQXVyNzAwMjU2MTY@._V1_.jpg",
  "createdon": "1902-01-01",
  "type: ListType": "movies",
  "totallikes": 5
}, {
  "id": 442,
  "title": "Jocko musicien",
  "mediaimage": "https://m.media-amazon.com/images/M/MV5BMDBmYTZjNjUtN2M1MS00MTQ2LTk2ODgtNzc2M2QyZGE5NTVjXkEyXkFqcGdeQXVyNzAwMjU2MTY@._V1_.jpg",
  "createdon": "1903-01-01",
  "type: ListType": "movies",
  "totallikes": 5
}, {
  "id": 331,
  "title": "Saut humidifié de M. Plick",
  "mediaimage": "https://m.media-amazon.com/images/M/MV5BMDBmYTZjNjUtN2M1MS00MTQ2LTk2ODgtNzc2M2QyZGE5NTVjXkEyXkFqcGdeQXVyNzAwMjU2MTY@._V1_.jpg",
  "createdon": "1900-01-01",
  "type: ListType": "movies",
  "totallikes": 5
}, {
  "id": 221,
  "title": "L'aveugle",
  "mediaimage": "https://m.media-amazon.com/images/M/MV5BMDBmYTZjNjUtN2M1MS00MTQ2LTk2ODgtNzc2M2QyZGE5NTVjXkEyXkFqcGdeQXVyNzAwMjU2MTY@._V1_.jpg",
  "createdon": "1899-01-01",
  "type: ListType": "movies",
  "totallikes": 4
}, {
  "id": 302,
  "title": "Grandma's Reading Glass",
  "mediaimage": "https://m.media-amazon.com/images/M/MV5BMDBmYTZjNjUtN2M1MS00MTQ2LTk2ODgtNzc2M2QyZGE5NTVjXkEyXkFqcGdeQXVyNzAwMjU2MTY@._V1_.jpg",
  "createdon": "1900-01-01",
  "type: ListType": "movies",
  "totallikes": 4
}, {
  "id": 445,
  "title": "Le liqueur du couvent",
  "mediaimage": "https://m.media-amazon.com/images/M/MV5BMDBmYTZjNjUtN2M1MS00MTQ2LTk2ODgtNzc2M2QyZGE5NTVjXkEyXkFqcGdeQXVyNzAwMjU2MTY@._V1_.jpg",
  "createdon": "1903-01-01",
  "type: ListType": "movies",
  "totallikes": 4
}, {
  "id": 482,
  "title": "La gavotte de la reine",
  "mediaimage": "https://m.media-amazon.com/images/M/MV5BMDBmYTZjNjUtN2M1MS00MTQ2LTk2ODgtNzc2M2QyZGE5NTVjXkEyXkFqcGdeQXVyNzAwMjU2MTY@._V1_.jpg",
  "createdon": "1904-01-01",
  "type: ListType": "movies",
  "totallikes": 4
}, {
  "id": 190,
  "title": "Ella Lola",
  "mediaimage": "https://m.media-amazon.com/images/M/MV5BMDBmYTZjNjUtN2M1MS00MTQ2LTk2ODgtNzc2M2QyZGE5NTVjXkEyXkFqcGdeQXVyNzAwMjU2MTY@._V1_.jpg",
  "createdon": "1898-01-01",
  "type: ListType": "movies",
  "totallikes": 4
}, {
  "id": 230,
  "title": "Le chiffonnier",
  "mediaimage": "https://m.media-amazon.com/images/M/MV5BMDBmYTZjNjUtN2M1MS00MTQ2LTk2ODgtNzc2M2QyZGE5NTVjXkEyXkFqcGdeQXVyNzAwMjU2MTY@._V1_.jpg",
  "createdon": "1899-01-01",
  "type: ListType": "movies",
  "totallikes": 4
}, {
  "id": 179,
  "title": "Cinderella",
  "mediaimage": "https://m.media-amazon.com/images/M/MV5BMDBmYTZjNjUtN2M1MS00MTQ2LTk2ODgtNzc2M2QyZGE5NTVjXkEyXkFqcGdeQXVyNzAwMjU2MTY@._V1_.jpg",
  "createdon": "1898-01-01",
  "type: ListType": "movies",
  "totallikes": 3
}, {
  "id": 116,
  "title": "Saída do Pessoal Operário da Fábrica Confiança",
  "mediaimage": "https://m.media-amazon.com/images/M/MV5BMDBmYTZjNjUtN2M1MS00MTQ2LTk2ODgtNzc2M2QyZGE5NTVjXkEyXkFqcGdeQXVyNzAwMjU2MTY@._V1_.jpg",
  "createdon": "1896-01-01",
  "type: ListType": "movies",
  "totallikes": 3
}, {
  "id": 276,
  "title": "Buffalo Bill's Show Parade",
  "mediaimage": "https://m.media-amazon.com/images/M/MV5BMDBmYTZjNjUtN2M1MS00MTQ2LTk2ODgtNzc2M2QyZGE5NTVjXkEyXkFqcGdeQXVyNzAwMjU2MTY@._V1_.jpg",
  "createdon": "1900-01-01",
  "type: ListType": "movies",
  "totallikes": 3
}, {
  "id": 346,
  "title": "What Came Out of the Cheese; or",
  "mediaimage": "https://m.media-amazon.com/images/M/MV5BMDBmYTZjNjUtN2M1MS00MTQ2LTk2ODgtNzc2M2QyZGE5NTVjXkEyXkFqcGdeQXVyNzAwMjU2MTY@._V1_.jpg",
  "createdon": "1901-01-01",
  "type: ListType": "movies",
  "totallikes": 3
}, {
  "id": 163,
  "title": "Riña en un café",
  "mediaimage": "https://m.media-amazon.com/images/M/MV5BMDBmYTZjNjUtN2M1MS00MTQ2LTk2ODgtNzc2M2QyZGE5NTVjXkEyXkFqcGdeQXVyNzAwMjU2MTY@._V1_.jpg",
  "createdon": "1897-01-01",
  "type: ListType": "movies",
  "totallikes": 3
}, {
  "id": 480,
  "title": "Les deux rivaux",
  "mediaimage": "https://m.media-amazon.com/images/M/MV5BMDBmYTZjNjUtN2M1MS00MTQ2LTk2ODgtNzc2M2QyZGE5NTVjXkEyXkFqcGdeQXVyNzAwMjU2MTY@._V1_.jpg",
  "createdon": "1904-01-01",
  "type: ListType": "movies",
  "totallikes": 3
}, {
  "id": 31,
  "title": "Die Serpentintänzerin",
  "mediaimage": "https://m.media-amazon.com/images/M/MV5BMDBmYTZjNjUtN2M1MS00MTQ2LTk2ODgtNzc2M2QyZGE5NTVjXkEyXkFqcGdeQXVyNzAwMjU2MTY@._V1_.jpg",
  "createdon": "1895-01-01",
  "type: ListType": "movies",
  "totallikes": 3
}, {
  "id": 466,
  "title": "The Sick Kitten",
  "mediaimage": "https://m.media-amazon.com/images/M/MV5BMDBmYTZjNjUtN2M1MS00MTQ2LTk2ODgtNzc2M2QyZGE5NTVjXkEyXkFqcGdeQXVyNzAwMjU2MTY@._V1_.jpg",
  "createdon": "1903-01-01",
  "type: ListType": "movies",
  "totallikes": 3
}, {
  "id": 462,
  "title": "The Kingdom of the Fairies",
  "mediaimage": "https://m.media-amazon.com/images/M/MV5BMDBmYTZjNjUtN2M1MS00MTQ2LTk2ODgtNzc2M2QyZGE5NTVjXkEyXkFqcGdeQXVyNzAwMjU2MTY@._V1_.jpg",
  "createdon": "1903-01-01",
  "type: ListType": "movies",
  "totallikes": 3
}, {
  "id": 365,
  "title": "Little Red Riding Hood",
  "mediaimage": "https://m.media-amazon.com/images/M/MV5BMDBmYTZjNjUtN2M1MS00MTQ2LTk2ODgtNzc2M2QyZGE5NTVjXkEyXkFqcGdeQXVyNzAwMjU2MTY@._V1_.jpg",
  "createdon": "1901-01-01",
  "type: ListType": "movies",
  "totallikes": 3
}, {
  "id": 413,
  "title": "Alcohol and Its Victims",
  "mediaimage": "https://m.media-amazon.com/images/M/MV5BMDBmYTZjNjUtN2M1MS00MTQ2LTk2ODgtNzc2M2QyZGE5NTVjXkEyXkFqcGdeQXVyNzAwMjU2MTY@._V1_.jpg",
  "createdon": "1902-01-01",
  "type: ListType": "movies",
  "totallikes": 3
}, {
  "id": 356,
  "title": "The India Rubber Head",
  "mediaimage": "https://m.media-amazon.com/images/M/MV5BMDBmYTZjNjUtN2M1MS00MTQ2LTk2ODgtNzc2M2QyZGE5NTVjXkEyXkFqcGdeQXVyNzAwMjU2MTY@._V1_.jpg",
  "createdon": "1901-01-01",
  "type: ListType": "movies",
  "totallikes": 3
}, {
  "id": 349,
  "title": "Day at the Circus",
  "mediaimage": "https://m.media-amazon.com/images/M/MV5BMDBmYTZjNjUtN2M1MS00MTQ2LTk2ODgtNzc2M2QyZGE5NTVjXkEyXkFqcGdeQXVyNzAwMjU2MTY@._V1_.jpg",
  "createdon": "1901-01-01",
  "type: ListType": "movies",
  "totallikes": 2
}, {
  "id": 257,
  "title": "Le tonnelier",
  "mediaimage": "https://m.media-amazon.com/images/M/MV5BMDBmYTZjNjUtN2M1MS00MTQ2LTk2ODgtNzc2M2QyZGE5NTVjXkEyXkFqcGdeQXVyNzAwMjU2MTY@._V1_.jpg",
  "createdon": "1899-01-01",
  "type: ListType": "movies",
  "totallikes": 2
}, {
  "id": 28,
  "title": "Baby's Meal",
  "mediaimage": "https://m.media-amazon.com/images/M/MV5BMDBmYTZjNjUtN2M1MS00MTQ2LTk2ODgtNzc2M2QyZGE5NTVjXkEyXkFqcGdeQXVyNzAwMjU2MTY@._V1_.jpg",
  "createdon": "1895-01-01",
  "type: ListType": "movies",
  "totallikes": 2
}, {
  "id": 85,
  "title": "Beach and Pier at Trouville",
  "mediaimage": "https://m.media-amazon.com/images/M/MV5BMDBmYTZjNjUtN2M1MS00MTQ2LTk2ODgtNzc2M2QyZGE5NTVjXkEyXkFqcGdeQXVyNzAwMjU2MTY@._V1_.jpg",
  "createdon": "1896-01-01",
  "type: ListType": "movies",
  "totallikes": 2
}, {
  "id": 164,
  "title": "Salida de los trabajadores de la fábrica España Industrial",
  "mediaimage": "https://m.media-amazon.com/images/M/MV5BMDBmYTZjNjUtN2M1MS00MTQ2LTk2ODgtNzc2M2QyZGE5NTVjXkEyXkFqcGdeQXVyNzAwMjU2MTY@._V1_.jpg",
  "createdon": "1897-01-01",
  "type: ListType": "movies",
  "totallikes": 2
}, {
  "id": 71,
  "title": "Officers of French Army Leaving Service",
  "mediaimage": "https://m.media-amazon.com/images/M/MV5BMDBmYTZjNjUtN2M1MS00MTQ2LTk2ODgtNzc2M2QyZGE5NTVjXkEyXkFqcGdeQXVyNzAwMjU2MTY@._V1_.jpg",
  "createdon": "1896-01-01",
  "type: ListType": "movies",
  "totallikes": 1
}, {
  "id": 218,
  "title": "The Artist and the Flower Girl",
  "mediaimage": "https://m.media-amazon.com/images/M/MV5BMDBmYTZjNjUtN2M1MS00MTQ2LTk2ODgtNzc2M2QyZGE5NTVjXkEyXkFqcGdeQXVyNzAwMjU2MTY@._V1_.jpg",
  "createdon": "1901-01-01",
  "type: ListType": "movies",
  "totallikes": 1
}, {
  "id": 34,
  "title": "Watering the Flowers",
  "mediaimage": "https://m.media-amazon.com/images/M/MV5BMDBmYTZjNjUtN2M1MS00MTQ2LTk2ODgtNzc2M2QyZGE5NTVjXkEyXkFqcGdeQXVyNzAwMjU2MTY@._V1_.jpg",
  "createdon": "1896-01-01",
  "type: ListType": "movies",
  "totallikes": 1
}, {
  "id": 402,
  "title": "La première gamelle",
  "mediaimage": "https://m.media-amazon.com/images/M/MV5BMDBmYTZjNjUtN2M1MS00MTQ2LTk2ODgtNzc2M2QyZGE5NTVjXkEyXkFqcGdeQXVyNzAwMjU2MTY@._V1_.jpg",
  "createdon": "1902-01-01",
  "type: ListType": "movies",
  "totallikes": 1
}, {
  "id": 26,
  "title": "Cordeliers' Square in Lyon",
  "mediaimage": "https://m.media-amazon.com/images/M/MV5BMDBmYTZjNjUtN2M1MS00MTQ2LTk2ODgtNzc2M2QyZGE5NTVjXkEyXkFqcGdeQXVyNzAwMjU2MTY@._V1_.jpg",
  "createdon": "1895-01-01",
  "type: ListType": "movies",
  "totallikes": 1
}, {
  "id": 204,
  "title": "Llegada de un tren a la estación de ferrocarril del Norte",
  "mediaimage": "https://m.media-amazon.com/images/M/MV5BMDBmYTZjNjUtN2M1MS00MTQ2LTk2ODgtNzc2M2QyZGE5NTVjXkEyXkFqcGdeQXVyNzAwMjU2MTY@._V1_.jpg",
  "createdon": "1898-01-01",
  "type: ListType": "movies",
  "totallikes": 1
}, {
  "id": 453,
  "title": "N.Y. Fire Department Returning",
  "mediaimage": "https://m.media-amazon.com/images/M/MV5BMDBmYTZjNjUtN2M1MS00MTQ2LTk2ODgtNzc2M2QyZGE5NTVjXkEyXkFqcGdeQXVyNzAwMjU2MTY@._V1_.jpg",
  "createdon": "1903-01-01",
  "type: ListType": "movies",
  "totallikes": 1
}, {
  "id": 247,
  "title": "The Legacy",
  "mediaimage": "https://m.media-amazon.com/images/M/MV5BMDBmYTZjNjUtN2M1MS00MTQ2LTk2ODgtNzc2M2QyZGE5NTVjXkEyXkFqcGdeQXVyNzAwMjU2MTY@._V1_.jpg",
  "createdon": "1899-01-01",
  "type: ListType": "movies",
  "totallikes": 1
}, {
  "id": 229,
  "title": "Portuguese Railway Train",
  "mediaimage": "https://m.media-amazon.com/images/M/MV5BMDBmYTZjNjUtN2M1MS00MTQ2LTk2ODgtNzc2M2QyZGE5NTVjXkEyXkFqcGdeQXVyNzAwMjU2MTY@._V1_.jpg",
  "createdon": "1896-01-01",
  "type: ListType": "movies",
  "totallikes": 1
}, {
  "id": 448,
  "title": "Mary Jane's Mishap",
  "mediaimage": "https://m.media-amazon.com/images/M/MV5BMDBmYTZjNjUtN2M1MS00MTQ2LTk2ODgtNzc2M2QyZGE5NTVjXkEyXkFqcGdeQXVyNzAwMjU2MTY@._V1_.jpg",
  "createdon": "1903-01-01",
  "type: ListType": "movies",
  "totallikes": 1
}, {
  "id": 440,
  "title": "Hiawatha",
  "mediaimage": "https://m.media-amazon.com/images/M/MV5BMDBmYTZjNjUtN2M1MS00MTQ2LTk2ODgtNzc2M2QyZGE5NTVjXkEyXkFqcGdeQXVyNzAwMjU2MTY@._V1_.jpg",
  "createdon": "1903-01-01",
  "type: ListType": "movies",
  "totallikes": 1
}]
