[{
  "id": 8,
  "title": "Avengers: Endgame",
  "mediaimage": "https://upload.wikimedia.org/wikipedia/en/0/0d/Avengers_Endgame_poster.jpg",
  "createdon": "2019-04-26",
  "type: ListType": "movies",
  "totallikes": 3
}, {
  "id": 2,
  "title": "Barbie",
  "mediaimage": "https://m.media-amazon.com/images/M/MV5BNjU3N2QxNzYtMjk1NC00MTc4LTk1NTQtMmUxNTljM2I0NDA5XkEyXkFqcGdeQXVyODE5NzE3OTE@._V1_.jpg",
  "createdon": "2023-07-21",
  "type: ListType": "movies",
  "totallikes": 3
}, {
  "id": 9,
  "title": "Forrest Gump",
  "mediaimage": "https://upload.wikimedia.org/wikipedia/en/thumb/6/67/Forrest_Gump_poster.jpg/220px-Forrest_Gump_poster.jpg",
  "createdon": "1994-07-06",
  "type: ListType": "movies",
  "totallikes": 3
}, {
  "id": 10,
  "title": "Green Book",
  "mediaimage": "https://upload.wikimedia.org/wikipedia/en/5/5b/Green_Book_%282018_poster%29.png",
  "createdon": "2018-09-11",
  "type: ListType": "movies",
  "totallikes": 3
}, {
  "id": 7,
  "title": "Spider-Man: Across the Spider-Verse",
  "mediaimage": "https://upload.wikimedia.org/wikipedia/en/b/b4/Spider-Man-_Across_the_Spider-Verse_poster.jpg",
  "createdon": "2023-06-02",
  "type: ListType": "movies",
  "totallikes": 3
}, {
  "id": 4,
  "title": "Everything Everywhere All at Once",
  "mediaimage": "https://m.media-amazon.com/images/M/MV5BYTdiOTIyZTQtNmQ1OS00NjZlLWIyMTgtYzk5Y2M3ZDVmMDk1XkEyXkFqcGdeQXVyMTAzMDg4NzU0._V1_FMjpg_UX1000_.jpg",
  "createdon": "2022-03-11",
  "type: ListType": "movies",
  "totallikes": 3
}, {
  "id": 3,
  "title": "Top Gun: Maverick",
  "mediaimage": "https://m.media-amazon.com/images/M/MV5BZWYzOGEwNTgtNWU3NS00ZTQ0LWJkODUtMmVhMjIwMjA1ZmQwXkEyXkFqcGdeQXVyMjkwOTAyMDU@._V1_.jpg",
  "createdon": "2022-05-27",
  "type: ListType": "movies",
  "totallikes": 3
}, {
  "id": 5,
  "title": "Toy Story",
  "mediaimage": "https://m.media-amazon.com/images/M/MV5BMDU2ZWJlMjktMTRhMy00ZTA5LWEzNDgtYmNmZTEwZTViZWJkXkEyXkFqcGdeQXVyNDQ2OTk4MzI@._V1_.jpg",
  "createdon": "1995-11-22",
  "type: ListType": "movies",
  "totallikes": 3
}, {
  "id": 6,
  "title": "Five Nights at Freddy's",
  "mediaimage": "https://upload.wikimedia.org/wikipedia/en/thumb/d/d6/Five_Nights_At_Freddy%27s_poster.jpeg/220px-Five_Nights_At_Freddy%27s_poster.jpeg",
  "createdon": "2023-10-27",
  "type: ListType": "movies",
  "totallikes": 2
}, {
  "id": 1,
  "title": "Oppenheimer",
  "mediaimage": "https://m.media-amazon.com/images/M/MV5BMDBmYTZjNjUtN2M1MS00MTQ2LTk2ODgtNzc2M2QyZGE5NTVjXkEyXkFqcGdeQXVyNzAwMjU2MTY@._V1_.jpg",
  "createdon": "2023-07-21",
  "type: ListType": "movies",
  "totallikes": 2
}, {
  "id": 11,
  "title": "Iron Man",
  "mediaimage": "https://upload.wikimedia.org/wikipedia/en/0/02/Iron_Man_%282008_film%29_poster.jpg",
  "createdon": "2008-04-14",
  "type: ListType": "movies",
  "totallikes": 1
}, {
  "id": 12,
  "title": "Parasite",
  "mediaimage": "https://upload.wikimedia.org/wikipedia/en/5/53/Parasite_%282019_film%29.png",
  "createdon": "2019-05-21",
  "type: ListType": "movies",
  "totallikes": 1
}]
