[{
  "following": "emily.johnson",
  "followsback": true
}, {
  "following": "michael.williams",
  "followsback": true
}, {
  "following": "emma.brown",
  "followsback": true
}, {
  "following": "joshua.jones",
  "followsback": true
}, {
  "following": "madison.davis",
  "followsback": true
}, {
  "following": "daniel.miller",
  "followsback": true
}, {
  "following": "olivia.wilson",
  "followsback": true
}, {
  "following": "james.moore",
  "followsback": true
}, {
  "following": "ava.taylor",
  "followsback": true
}, {
  "following": "ethan.anderson",
  "followsback": true
}, {
  "following": "sophia.thomas",
  "followsback": true
}, {
  "following": "alexander.jackson",
  "followsback": true
}, {
  "following": "isabella.white",
  "followsback": true
}, {
  "following": "mason.harris",
  "followsback": true
}, {
  "following": "mia.martin",
  "followsback": true
}, {
  "following": "william.thompson",
  "followsback": true
}, {
  "following": "amelia.garcia",
  "followsback": true
}, {
  "following": "benjamin.martinez",
  "followsback": true
}, {
  "following": "chloe.robinson",
  "followsback": true
}, {
  "following": "elijah.clark",
  "followsback": true
}, {
  "following": "charlotte.rodriguez",
  "followsback": true
}, {
  "following": "carter.lewis",
  "followsback": true
}, {
  "following": "grace.lee",
  "followsback": true
}, {
  "following": "henry.walker",
  "followsback": true
}, {
  "following": "avery.hall",
  "followsback": true
}, {
  "following": "scarlett.young",
  "followsback": true
}, {
  "following": "sebastian.allen",
  "followsback": true
}, {
  "following": "lily.hernandez",
  "followsback": true
}, {
  "following": "gabriel.king",
  "followsback": true
}, {
  "following": "zoe.scott",
  "followsback": true
}, {
  "following": "jackson.green",
  "followsback": true
}, {
  "following": "madelyn.adams",
  "followsback": false
}, {
  "following": "nathan.baker",
  "followsback": false
}, {
  "following": "hannah.gonzalez",
  "followsback": false
}, {
  "following": "david.carter",
  "followsback": false
}, {
  "following": "addison.perez",
  "followsback": false
}, {
  "following": "joseph.evans",
  "followsback": false
}, {
  "following": "aria.stewart",
  "followsback": false
}, {
  "following": "jameson.flores",
  "followsback": false
}, {
  "following": "aubrey.collins",
  "followsback": false
}, {
  "following": "wyatt.nguyen",
  "followsback": false
}, {
  "following": "ella.hill",
  "followsback": false
}, {
  "following": "julian.rivera",
  "followsback": false
}, {
  "following": "samantha.campbell",
  "followsback": false
}, {
  "following": "luke.mitchell",
  "followsback": false
}, {
  "following": "anna.perez",
  "followsback": false
}, {
  "following": "lincoln.roberts",
  "followsback": false
}, {
  "following": "ariana.turner",
  "followsback": false
}, {
  "following": "oliver.phillips",
  "followsback": false
}, {
  "following": "brooklyn.sanchez",
  "followsback": false
}, {
  "following": "colton.long",
  "followsback": false
}, {
  "following": "ethan.parker",
  "followsback": false
}, {
  "following": "mia.collins",
  "followsback": false
}, {
  "following": "lucas.martinez",
  "followsback": false
}, {
  "following": "isabelle.nelson",
  "followsback": false
}, {
  "following": "ryan.cooper",
  "followsback": false
}, {
  "following": "emily.ward",
  "followsback": false
}, {
  "following": "mason.roberts",
  "followsback": false
}, {
  "following": "amelia.reed",
  "followsback": false
}, {
  "following": "jack.howard",
  "followsback": false
}, {
  "following": "natalie.king",
  "followsback": false
}, {
  "following": "jacob.richards",
  "followsback": false
}, {
  "following": "mia.myers",
  "followsback": false
}, {
  "following": "ethan.morris",
  "followsback": false
}, {
  "following": "aubrey.wood",
  "followsback": false
}, {
  "following": "samuel.russell",
  "followsback": false
}, {
  "following": "isabella.watson",
  "followsback": false
}, {
  "following": "chloe.sullivan",
  "followsback": false
}, {
  "following": "james.cooper",
  "followsback": false
}, {
  "following": "olivia.peterson",
  "followsback": false
}, {
  "following": "liam.ross",
  "followsback": false
}, {
  "following": "ava.hughes",
  "followsback": false
}, {
  "following": "sophia.wood",
  "followsback": false
}, {
  "following": "logan.jenkins",
  "followsback": false
}, {
  "following": "zoey.bailey",
  "followsback": false
}, {
  "following": "nathan.lee",
  "followsback": false
}, {
  "following": "william.harris",
  "followsback": false
}, {
  "following": "ava.cooper",
  "followsback": false
}, {
  "following": "daniel.ramirez",
  "followsback": false
}, {
  "following": "ella.nelson",
  "followsback": false
}, {
  "following": "dylan.mitchell",
  "followsback": false
}, {
  "following": "grace.jenkins",
  "followsback": false
}, {
  "following": "jacob.carter",
  "followsback": false
}, {
  "following": "isabella.phillips",
  "followsback": false
}, {
  "following": "oliver.cooper",
  "followsback": false
}, {
  "following": "mia.hughes",
  "followsback": false
}, {
  "following": "lucas.roberts",
  "followsback": false
}, {
  "following": "amelia.cook",
  "followsback": false
}, {
  "following": "ethan.foster",
  "followsback": false
}, {
  "following": "ava.richards",
  "followsback": false
}, {
  "following": "emma.perry",
  "followsback": false
}, {
  "following": "liam.jenkins",
  "followsback": false
}, {
  "following": "olivia.bailey",
  "followsback": false
}, {
  "following": "noah.kelly",
  "followsback": false
}, {
  "following": "isabella.ward",
  "followsback": false
}, {
  "following": "jacob.ross",
  "followsback": false
}, {
  "following": "mia.phillips",
  "followsback": false
}, {
  "following": "ethan.murphy",
  "followsback": false
}, {
  "following": "ava.nelson",
  "followsback": false
}, {
  "following": "oliver.watson",
  "followsback": false
}, {
  "following": "emma.sullivan",
  "followsback": false
}, {
  "following": "liam.watson",
  "followsback": false
}, {
  "following": "olivia.cooper",
  "followsback": false
}, {
  "following": "noah.parker",
  "followsback": false
}, {
  "following": "jacob.bailey",
  "followsback": false
}, {
  "following": "ethan.ramirez",
  "followsback": false
}]
